<?xml version="1.0" encoding="UTF-8"?>
<coverage generated="1652729986524" clover="3.2.0">
  <project timestamp="1652729986524" name="All files">
    <metrics statements="16" coveredstatements="13" conditionals="0" coveredconditionals="0" methods="10" coveredmethods="7" elements="26" coveredelements="20" complexity="0" loc="16" ncloc="16" packages="1" files="3" classes="3"/>
    <file name="OrdersAPICalls.js" path="C:\Users\manue\OneDrive\Desktop\Materiale didattico universita'\Master Degree\First Year\Software Engineering\EzWh\code\server\unit_test\APICalls\OrdersAPICalls.js">
      <metrics statements="4" coveredstatements="4" conditionals="0" coveredconditionals="0" methods="2" coveredmethods="2"/>
      <line num="3" count="1" type="stmt"/>
      <line num="9" count="1" type="stmt"/>
      <line num="13" count="1" type="stmt"/>
      <line num="23" count="1" type="stmt"/>
    </file>
    <file name="SkuAPICalls.js" path="C:\Users\manue\OneDrive\Desktop\Materiale didattico universita'\Master Degree\First Year\Software Engineering\EzWh\code\server\unit_test\APICalls\SkuAPICalls.js">
      <metrics statements="8" coveredstatements="5" conditionals="0" coveredconditionals="0" methods="6" coveredmethods="3"/>
      <line num="2" count="1" type="stmt"/>
      <line num="9" count="1" type="stmt"/>
      <line num="13" count="3" type="stmt"/>
      <line num="24" count="0" type="stmt"/>
      <line num="34" count="1" type="stmt"/>
      <line num="52" count="0" type="stmt"/>
      <line num="70" count="0" type="stmt"/>
      <line num="83" count="1" type="stmt"/>
    </file>
    <file name="UtilityCalls.js" path="C:\Users\manue\OneDrive\Desktop\Materiale didattico universita'\Master Degree\First Year\Software Engineering\EzWh\code\server\unit_test\APICalls\UtilityCalls.js">
      <metrics statements="4" coveredstatements="4" conditionals="0" coveredconditionals="0" methods="2" coveredmethods="2"/>
      <line num="3" count="2" type="stmt"/>
      <line num="9" count="2" type="stmt"/>
      <line num="13" count="2" type="stmt"/>
      <line num="28" count="2" type="stmt"/>
    </file>
  </project>
</coverage>
