{"C:\\Users\\manue\\OneDrive\\Desktop\\Materiale didattico universita'\\Master Degree\\First Year\\Software Engineering\\EzWh\\code\\server\\unit_test\\APICalls\\OrdersAPICalls.js": {"path":"C:\\Users\\manue\\OneDrive\\Desktop\\Materiale didattico universita'\\Master Degree\\First Year\\Software Engineering\\EzWh\\code\\server\\unit_test\\APICalls\\OrdersAPICalls.js","statementMap":{"0":{"start":{"line":3,"column":14},"end":{"line":3,"column":30}},"1":{"start":{"line":9,"column":8},"end":{"line":9,"column":48}},"2":{"start":{"line":13,"column":8},"end":{"line":19,"column":11}},"3":{"start":{"line":23,"column":0},"end":{"line":23,"column":31}}},"fnMap":{"0":{"name":"(anonymous_0)","decl":{"start":{"line":8,"column":4},"end":{"line":8,"column":5}},"loc":{"start":{"line":8,"column":17},"end":{"line":10,"column":5}},"line":8},"1":{"name":"(anonymous_1)","decl":{"start":{"line":12,"column":4},"end":{"line":12,"column":5}},"loc":{"start":{"line":12,"column":32},"end":{"line":20,"column":5}},"line":12}},"branchMap":{},"s":{"0":1,"1":1,"2":1,"3":1},"f":{"0":1,"1":1},"b":{},"_coverageSchema":"1a1c01bbd47fc00a2c39e90264f33305004495a9","hash":"b0dbdf479782dfd8585f7c1c83d53fdb4e17b50a"}
,"C:\\Users\\manue\\OneDrive\\Desktop\\Materiale didattico universita'\\Master Degree\\First Year\\Software Engineering\\EzWh\\code\\server\\unit_test\\APICalls\\SkuAPICalls.js": {"path":"C:\\Users\\manue\\OneDrive\\Desktop\\Materiale didattico universita'\\Master Degree\\First Year\\Software Engineering\\EzWh\\code\\server\\unit_test\\APICalls\\SkuAPICalls.js","statementMap":{"0":{"start":{"line":2,"column":14},"end":{"line":2,"column":30}},"1":{"start":{"line":9,"column":8},"end":{"line":9,"column":48}},"2":{"start":{"line":13,"column":8},"end":{"line":19,"column":11}},"3":{"start":{"line":24,"column":8},"end":{"line":30,"column":11}},"4":{"start":{"line":34,"column":8},"end":{"line":48,"column":11}},"5":{"start":{"line":52,"column":8},"end":{"line":66,"column":11}},"6":{"start":{"line":70,"column":8},"end":{"line":79,"column":11}},"7":{"start":{"line":83,"column":0},"end":{"line":83,"column":29}}},"fnMap":{"0":{"name":"(anonymous_0)","decl":{"start":{"line":8,"column":4},"end":{"line":8,"column":5}},"loc":{"start":{"line":8,"column":17},"end":{"line":10,"column":5}},"line":8},"1":{"name":"(anonymous_1)","decl":{"start":{"line":12,"column":4},"end":{"line":12,"column":5}},"loc":{"start":{"line":12,"column":23},"end":{"line":20,"column":5}},"line":12},"2":{"name":"(anonymous_2)","decl":{"start":{"line":23,"column":4},"end":{"line":23,"column":5}},"loc":{"start":{"line":23,"column":24},"end":{"line":31,"column":5}},"line":23},"3":{"name":"(anonymous_3)","decl":{"start":{"line":33,"column":4},"end":{"line":33,"column":5}},"loc":{"start":{"line":33,"column":22},"end":{"line":49,"column":5}},"line":33},"4":{"name":"(anonymous_4)","decl":{"start":{"line":51,"column":4},"end":{"line":51,"column":5}},"loc":{"start":{"line":51,"column":92},"end":{"line":67,"column":5}},"line":51},"5":{"name":"(anonymous_5)","decl":{"start":{"line":69,"column":4},"end":{"line":69,"column":5}},"loc":{"start":{"line":69,"column":31},"end":{"line":80,"column":5}},"line":69}},"branchMap":{},"s":{"0":1,"1":1,"2":3,"3":0,"4":1,"5":0,"6":0,"7":1},"f":{"0":1,"1":3,"2":0,"3":1,"4":0,"5":0},"b":{},"_coverageSchema":"1a1c01bbd47fc00a2c39e90264f33305004495a9","hash":"6a2ca62a6da4ff653f6afaabb782dd779dca4673"}
,"C:\\Users\\manue\\OneDrive\\Desktop\\Materiale didattico universita'\\Master Degree\\First Year\\Software Engineering\\EzWh\\code\\server\\unit_test\\APICalls\\UtilityCalls.js": {"path":"C:\\Users\\manue\\OneDrive\\Desktop\\Materiale didattico universita'\\Master Degree\\First Year\\Software Engineering\\EzWh\\code\\server\\unit_test\\APICalls\\UtilityCalls.js","statementMap":{"0":{"start":{"line":3,"column":14},"end":{"line":3,"column":30}},"1":{"start":{"line":9,"column":8},"end":{"line":9,"column":48}},"2":{"start":{"line":13,"column":8},"end":{"line":23,"column":11}},"3":{"start":{"line":28,"column":0},"end":{"line":28,"column":30}}},"fnMap":{"0":{"name":"(anonymous_0)","decl":{"start":{"line":8,"column":4},"end":{"line":8,"column":5}},"loc":{"start":{"line":8,"column":17},"end":{"line":10,"column":5}},"line":8},"1":{"name":"(anonymous_1)","decl":{"start":{"line":12,"column":5},"end":{"line":12,"column":6}},"loc":{"start":{"line":12,"column":36},"end":{"line":24,"column":5}},"line":12}},"branchMap":{},"s":{"0":2,"1":2,"2":2,"3":2},"f":{"0":2,"1":2},"b":{},"_coverageSchema":"1a1c01bbd47fc00a2c39e90264f33305004495a9","hash":"8537289a3cf129f6dd2624d23f6517359e1513ac"}
}
