{"C:\\Users\\edoar\\code\\HikeTracker\\server\\Class\\Hut.js": {"path":"C:\\Users\\edoar\\code\\HikeTracker\\server\\Class\\Hut.js","statementMap":{"0":{"start":{"line":1,"column":14},"end":{"line":1,"column":32}},"1":{"start":{"line":5,"column":8},"end":{"line":5,"column":64}},"2":{"start":{"line":6,"column":8},"end":{"line":6,"column":33}},"3":{"start":{"line":7,"column":8},"end":{"line":7,"column":37}},"4":{"start":{"line":11,"column":0},"end":{"line":11,"column":20}}},"fnMap":{"0":{"name":"(anonymous_0)","decl":{"start":{"line":4,"column":4},"end":{"line":4,"column":5}},"loc":{"start":{"line":4,"column":81},"end":{"line":8,"column":5}},"line":4}},"branchMap":{},"s":{"0":1,"1":0,"2":0,"3":0,"4":1},"f":{"0":0},"b":{},"_coverageSchema":"1a1c01bbd47fc00a2c39e90264f33305004495a9","hash":"8ffcfc9c3a4f6ba6562328727c5bb756217acd5f"}
,"C:\\Users\\edoar\\code\\HikeTracker\\server\\Class\\Point.js": {"path":"C:\\Users\\edoar\\code\\HikeTracker\\server\\Class\\Point.js","statementMap":{"0":{"start":{"line":3,"column":8},"end":{"line":3,"column":31}},"1":{"start":{"line":4,"column":8},"end":{"line":4,"column":25}},"2":{"start":{"line":5,"column":8},"end":{"line":5,"column":33}},"3":{"start":{"line":6,"column":8},"end":{"line":6,"column":35}},"4":{"start":{"line":7,"column":8},"end":{"line":7,"column":31}},"5":{"start":{"line":8,"column":8},"end":{"line":8,"column":35}},"6":{"start":{"line":12,"column":0},"end":{"line":12,"column":22}}},"fnMap":{"0":{"name":"(anonymous_0)","decl":{"start":{"line":2,"column":4},"end":{"line":2,"column":5}},"loc":{"start":{"line":2,"column":72},"end":{"line":9,"column":5}},"line":2}},"branchMap":{},"s":{"0":0,"1":0,"2":0,"3":0,"4":0,"5":0,"6":1},"f":{"0":0},"b":{},"_coverageSchema":"1a1c01bbd47fc00a2c39e90264f33305004495a9","hash":"2bcc9acd292dc993ef4afa76215e4849f8e3b084"}
,"C:\\Users\\edoar\\code\\HikeTracker\\server\\Class\\User.js": {"path":"C:\\Users\\edoar\\code\\HikeTracker\\server\\Class\\User.js","statementMap":{"0":{"start":{"line":3,"column":8},"end":{"line":3,"column":29}},"1":{"start":{"line":4,"column":8},"end":{"line":4,"column":25}},"2":{"start":{"line":5,"column":8},"end":{"line":5,"column":31}},"3":{"start":{"line":6,"column":8},"end":{"line":6,"column":27}},"4":{"start":{"line":7,"column":8},"end":{"line":7,"column":39}},"5":{"start":{"line":8,"column":8},"end":{"line":8,"column":25}},"6":{"start":{"line":12,"column":0},"end":{"line":12,"column":21}}},"fnMap":{"0":{"name":"(anonymous_0)","decl":{"start":{"line":2,"column":4},"end":{"line":2,"column":5}},"loc":{"start":{"line":2,"column":65},"end":{"line":9,"column":5}},"line":2}},"branchMap":{},"s":{"0":0,"1":0,"2":0,"3":0,"4":0,"5":0,"6":1},"f":{"0":0},"b":{},"_coverageSchema":"1a1c01bbd47fc00a2c39e90264f33305004495a9","hash":"8771f307fd3ad5a9678c4a21939b7aecad7b77b4"}
,"C:\\Users\\edoar\\code\\HikeTracker\\server\\Controller\\PointController.js": {"path":"C:\\Users\\edoar\\code\\HikeTracker\\server\\Controller\\PointController.js","statementMap":{"0":{"start":{"line":1,"column":18},"end":{"line":1,"column":45}},"1":{"start":{"line":5,"column":2},"end":{"line":5,"column":36}},"2":{"start":{"line":9,"column":15},"end":{"line":11,"column":4}},"3":{"start":{"line":10,"column":3},"end":{"line":10,"column":17}},"4":{"start":{"line":13,"column":2},"end":{"line":13,"column":14}},"5":{"start":{"line":17,"column":16},"end":{"line":19,"column":4}},"6":{"start":{"line":18,"column":3},"end":{"line":18,"column":17}},"7":{"start":{"line":21,"column":2},"end":{"line":21,"column":15}},"8":{"start":{"line":25,"column":17},"end":{"line":27,"column":4}},"9":{"start":{"line":26,"column":3},"end":{"line":26,"column":17}},"10":{"start":{"line":29,"column":2},"end":{"line":29,"column":16}},"11":{"start":{"line":34,"column":69},"end":{"line":34,"column":72}},"12":{"start":{"line":36,"column":2},"end":{"line":37,"column":38}},"13":{"start":{"line":37,"column":3},"end":{"line":37,"column":38}},"14":{"start":{"line":38,"column":2},"end":{"line":39,"column":42}},"15":{"start":{"line":39,"column":3},"end":{"line":39,"column":42}},"16":{"start":{"line":40,"column":2},"end":{"line":41,"column":43}},"17":{"start":{"line":41,"column":3},"end":{"line":41,"column":43}},"18":{"start":{"line":42,"column":2},"end":{"line":43,"column":41}},"19":{"start":{"line":43,"column":3},"end":{"line":43,"column":41}},"20":{"start":{"line":44,"column":2},"end":{"line":45,"column":42}},"21":{"start":{"line":45,"column":3},"end":{"line":45,"column":42}},"22":{"start":{"line":46,"column":2},"end":{"line":47,"column":44}},"23":{"start":{"line":47,"column":3},"end":{"line":47,"column":44}},"24":{"start":{"line":50,"column":2},"end":{"line":52,"column":67}},"25":{"start":{"line":51,"column":18},"end":{"line":51,"column":31}},"26":{"start":{"line":52,"column":19},"end":{"line":52,"column":53}},"27":{"start":{"line":52,"column":54},"end":{"line":52,"column":63}},"28":{"start":{"line":54,"column":2},"end":{"line":59,"column":6}},"29":{"start":{"line":57,"column":4},"end":{"line":57,"column":23}},"30":{"start":{"line":58,"column":4},"end":{"line":58,"column":14}},"31":{"start":{"line":71,"column":24},"end":{"line":79,"column":3}},"32":{"start":{"line":80,"column":2},"end":{"line":80,"column":25}},"33":{"start":{"line":84,"column":2},"end":{"line":85,"column":31}},"34":{"start":{"line":85,"column":19},"end":{"line":85,"column":28}},"35":{"start":{"line":87,"column":2},"end":{"line":88,"column":31}},"36":{"start":{"line":88,"column":19},"end":{"line":88,"column":28}},"37":{"start":{"line":92,"column":2},"end":{"line":93,"column":31}},"38":{"start":{"line":93,"column":19},"end":{"line":93,"column":28}},"39":{"start":{"line":95,"column":2},"end":{"line":96,"column":31}},"40":{"start":{"line":96,"column":19},"end":{"line":96,"column":28}},"41":{"start":{"line":98,"column":2},"end":{"line":98,"column":8}},"42":{"start":{"line":102,"column":0},"end":{"line":102,"column":33}}},"fnMap":{"0":{"name":"(anonymous_0)","decl":{"start":{"line":4,"column":1},"end":{"line":4,"column":2}},"loc":{"start":{"line":4,"column":15},"end":{"line":6,"column":2}},"line":4},"1":{"name":"(anonymous_1)","decl":{"start":{"line":8,"column":1},"end":{"line":8,"column":2}},"loc":{"start":{"line":8,"column":17},"end":{"line":14,"column":2}},"line":8},"2":{"name":"(anonymous_2)","decl":{"start":{"line":9,"column":47},"end":{"line":9,"column":48}},"loc":{"start":{"line":9,"column":53},"end":{"line":11,"column":3}},"line":9},"3":{"name":"(anonymous_3)","decl":{"start":{"line":16,"column":1},"end":{"line":16,"column":2}},"loc":{"start":{"line":16,"column":25},"end":{"line":22,"column":2}},"line":16},"4":{"name":"(anonymous_4)","decl":{"start":{"line":17,"column":56},"end":{"line":17,"column":57}},"loc":{"start":{"line":17,"column":62},"end":{"line":19,"column":3}},"line":17},"5":{"name":"(anonymous_5)","decl":{"start":{"line":24,"column":1},"end":{"line":24,"column":2}},"loc":{"start":{"line":24,"column":29},"end":{"line":30,"column":2}},"line":24},"6":{"name":"(anonymous_6)","decl":{"start":{"line":25,"column":61},"end":{"line":25,"column":62}},"loc":{"start":{"line":25,"column":67},"end":{"line":27,"column":3}},"line":25},"7":{"name":"(anonymous_7)","decl":{"start":{"line":32,"column":1},"end":{"line":32,"column":2}},"loc":{"start":{"line":32,"column":22},"end":{"line":81,"column":2}},"line":32},"8":{"name":"(anonymous_8)","decl":{"start":{"line":51,"column":9},"end":{"line":51,"column":10}},"loc":{"start":{"line":51,"column":18},"end":{"line":51,"column":31}},"line":51},"9":{"name":"(anonymous_9)","decl":{"start":{"line":52,"column":10},"end":{"line":52,"column":11}},"loc":{"start":{"line":52,"column":17},"end":{"line":52,"column":65}},"line":52},"10":{"name":"(anonymous_10)","decl":{"start":{"line":56,"column":10},"end":{"line":56,"column":11}},"loc":{"start":{"line":56,"column":19},"end":{"line":59,"column":4}},"line":56},"11":{"name":"(anonymous_11)","decl":{"start":{"line":83,"column":1},"end":{"line":83,"column":2}},"loc":{"start":{"line":83,"column":22},"end":{"line":89,"column":2}},"line":83},"12":{"name":"(anonymous_12)","decl":{"start":{"line":85,"column":10},"end":{"line":85,"column":11}},"loc":{"start":{"line":85,"column":17},"end":{"line":85,"column":30}},"line":85},"13":{"name":"(anonymous_13)","decl":{"start":{"line":88,"column":10},"end":{"line":88,"column":11}},"loc":{"start":{"line":88,"column":17},"end":{"line":88,"column":30}},"line":88},"14":{"name":"(anonymous_14)","decl":{"start":{"line":91,"column":1},"end":{"line":91,"column":2}},"loc":{"start":{"line":91,"column":24},"end":{"line":99,"column":2}},"line":91},"15":{"name":"(anonymous_15)","decl":{"start":{"line":93,"column":10},"end":{"line":93,"column":11}},"loc":{"start":{"line":93,"column":17},"end":{"line":93,"column":30}},"line":93},"16":{"name":"(anonymous_16)","decl":{"start":{"line":96,"column":10},"end":{"line":96,"column":11}},"loc":{"start":{"line":96,"column":17},"end":{"line":96,"column":30}},"line":96}},"branchMap":{"0":{"loc":{"start":{"line":36,"column":2},"end":{"line":37,"column":38}},"type":"if","locations":[{"start":{"line":36,"column":2},"end":{"line":37,"column":38}},{"start":{},"end":{}}],"line":36},"1":{"loc":{"start":{"line":38,"column":2},"end":{"line":39,"column":42}},"type":"if","locations":[{"start":{"line":38,"column":2},"end":{"line":39,"column":42}},{"start":{},"end":{}}],"line":38},"2":{"loc":{"start":{"line":40,"column":2},"end":{"line":41,"column":43}},"type":"if","locations":[{"start":{"line":40,"column":2},"end":{"line":41,"column":43}},{"start":{},"end":{}}],"line":40},"3":{"loc":{"start":{"line":42,"column":2},"end":{"line":43,"column":41}},"type":"if","locations":[{"start":{"line":42,"column":2},"end":{"line":43,"column":41}},{"start":{},"end":{}}],"line":42},"4":{"loc":{"start":{"line":44,"column":2},"end":{"line":45,"column":42}},"type":"if","locations":[{"start":{"line":44,"column":2},"end":{"line":45,"column":42}},{"start":{},"end":{}}],"line":44},"5":{"loc":{"start":{"line":46,"column":2},"end":{"line":47,"column":44}},"type":"if","locations":[{"start":{"line":46,"column":2},"end":{"line":47,"column":44}},{"start":{},"end":{}}],"line":46}},"s":{"0":1,"1":1,"2":0,"3":0,"4":0,"5":0,"6":0,"7":0,"8":0,"9":0,"10":0,"11":7,"12":7,"13":1,"14":6,"15":1,"16":5,"17":1,"18":4,"19":1,"20":3,"21":1,"22":2,"23":1,"24":1,"25":1,"26":0,"27":0,"28":1,"29":0,"30":0,"31":1,"32":1,"33":0,"34":0,"35":0,"36":0,"37":0,"38":0,"39":0,"40":0,"41":0,"42":1},"f":{"0":1,"1":0,"2":0,"3":0,"4":0,"5":0,"6":0,"7":7,"8":1,"9":0,"10":0,"11":0,"12":0,"13":0,"14":0,"15":0,"16":0},"b":{"0":[1,6],"1":[1,5],"2":[1,4],"3":[1,3],"4":[1,2],"5":[1,1]},"_coverageSchema":"1a1c01bbd47fc00a2c39e90264f33305004495a9","hash":"9a1fceb2c933b9335cc1fe81b6c73e0aaff16134"}
,"C:\\Users\\edoar\\code\\HikeTracker\\server\\DAO\\UserDAO.js": {"path":"C:\\Users\\edoar\\code\\HikeTracker\\server\\DAO\\UserDAO.js","statementMap":{"0":{"start":{"line":1,"column":15},"end":{"line":1,"column":32}},"1":{"start":{"line":3,"column":18},"end":{"line":3,"column":59}},"2":{"start":{"line":4,"column":18},"end":{"line":4,"column":50}},"3":{"start":{"line":6,"column":18},"end":{"line":6,"column":41}},"4":{"start":{"line":7,"column":11},"end":{"line":7,"column":28}},"5":{"start":{"line":12,"column":1},"end":{"line":20,"column":4}},"6":{"start":{"line":13,"column":12},"end":{"line":13,"column":79}},"7":{"start":{"line":15,"column":2},"end":{"line":19,"column":5}},"8":{"start":{"line":16,"column":3},"end":{"line":18,"column":30}},"9":{"start":{"line":16,"column":12},"end":{"line":16,"column":24}},"10":{"start":{"line":17,"column":8},"end":{"line":18,"column":30}},"11":{"start":{"line":17,"column":24},"end":{"line":17,"column":38}},"12":{"start":{"line":18,"column":8},"end":{"line":18,"column":30}},"13":{"start":{"line":24,"column":1},"end":{"line":36,"column":4}},"14":{"start":{"line":25,"column":13},"end":{"line":25,"column":35}},"15":{"start":{"line":27,"column":2},"end":{"line":35,"column":5}},"16":{"start":{"line":28,"column":3},"end":{"line":34,"column":4}},"17":{"start":{"line":28,"column":12},"end":{"line":28,"column":24}},"18":{"start":{"line":30,"column":4},"end":{"line":33,"column":7}},"19":{"start":{"line":39,"column":0},"end":{"line":58,"column":2}},"20":{"start":{"line":40,"column":1},"end":{"line":57,"column":4}},"21":{"start":{"line":43,"column":2},"end":{"line":43,"column":27}},"22":{"start":{"line":46,"column":14},"end":{"line":46,"column":49}},"23":{"start":{"line":47,"column":2},"end":{"line":56,"column":5}},"24":{"start":{"line":48,"column":3},"end":{"line":55,"column":4}},"25":{"start":{"line":49,"column":4},"end":{"line":49,"column":16}},"26":{"start":{"line":50,"column":8},"end":{"line":55,"column":4}},"27":{"start":{"line":51,"column":4},"end":{"line":51,"column":41}},"28":{"start":{"line":53,"column":17},"end":{"line":53,"column":123}},"29":{"start":{"line":54,"column":4},"end":{"line":54,"column":18}},"30":{"start":{"line":60,"column":0},"end":{"line":80,"column":2}},"31":{"start":{"line":61,"column":1},"end":{"line":79,"column":4}},"32":{"start":{"line":62,"column":14},"end":{"line":62,"column":50}},"33":{"start":{"line":63,"column":2},"end":{"line":78,"column":5}},"34":{"start":{"line":64,"column":3},"end":{"line":77,"column":4}},"35":{"start":{"line":64,"column":14},"end":{"line":64,"column":26}},"36":{"start":{"line":65,"column":8},"end":{"line":77,"column":4}},"37":{"start":{"line":65,"column":33},"end":{"line":65,"column":48}},"38":{"start":{"line":68,"column":17},"end":{"line":68,"column":141}},"39":{"start":{"line":69,"column":17},"end":{"line":69,"column":41}},"40":{"start":{"line":70,"column":4},"end":{"line":76,"column":7}},"41":{"start":{"line":71,"column":5},"end":{"line":71,"column":26}},"42":{"start":{"line":71,"column":14},"end":{"line":71,"column":26}},"43":{"start":{"line":72,"column":25},"end":{"line":72,"column":63}},"44":{"start":{"line":73,"column":5},"end":{"line":75,"column":24}},"45":{"start":{"line":74,"column":6},"end":{"line":74,"column":21}},"46":{"start":{"line":75,"column":10},"end":{"line":75,"column":24}},"47":{"start":{"line":83,"column":1},"end":{"line":96,"column":4}},"48":{"start":{"line":84,"column":12},"end":{"line":84,"column":121}},"49":{"start":{"line":86,"column":2},"end":{"line":95,"column":4}},"50":{"start":{"line":87,"column":3},"end":{"line":94,"column":4}},"51":{"start":{"line":88,"column":4},"end":{"line":88,"column":29}},"52":{"start":{"line":89,"column":4},"end":{"line":89,"column":16}},"53":{"start":{"line":92,"column":4},"end":{"line":92,"column":21}},"54":{"start":{"line":93,"column":4},"end":{"line":93,"column":25}},"55":{"start":{"line":110,"column":0},"end":{"line":121,"column":4}},"56":{"start":{"line":111,"column":1},"end":{"line":121,"column":3}},"57":{"start":{"line":113,"column":3},"end":{"line":113,"column":33}},"58":{"start":{"line":115,"column":3},"end":{"line":115,"column":50}},"59":{"start":{"line":119,"column":3},"end":{"line":119,"column":131}}},"fnMap":{"0":{"name":"CheckExistingUser","decl":{"start":{"line":11,"column":9},"end":{"line":11,"column":26}},"loc":{"start":{"line":11,"column":47},"end":{"line":21,"column":1}},"line":11},"1":{"name":"(anonymous_1)","decl":{"start":{"line":12,"column":20},"end":{"line":12,"column":21}},"loc":{"start":{"line":12,"column":41},"end":{"line":20,"column":2}},"line":12},"2":{"name":"(anonymous_2)","decl":{"start":{"line":15,"column":36},"end":{"line":15,"column":37}},"loc":{"start":{"line":15,"column":50},"end":{"line":19,"column":3}},"line":15},"3":{"name":"EncryptPassword","decl":{"start":{"line":23,"column":9},"end":{"line":23,"column":24}},"loc":{"start":{"line":23,"column":35},"end":{"line":37,"column":1}},"line":23},"4":{"name":"(anonymous_4)","decl":{"start":{"line":24,"column":20},"end":{"line":24,"column":21}},"loc":{"start":{"line":24,"column":41},"end":{"line":36,"column":2}},"line":24},"5":{"name":"(anonymous_5)","decl":{"start":{"line":27,"column":68},"end":{"line":27,"column":69}},"loc":{"start":{"line":27,"column":93},"end":{"line":35,"column":3}},"line":27},"6":{"name":"(anonymous_6)","decl":{"start":{"line":39,"column":22},"end":{"line":39,"column":23}},"loc":{"start":{"line":39,"column":30},"end":{"line":58,"column":1}},"line":39},"7":{"name":"(anonymous_7)","decl":{"start":{"line":40,"column":20},"end":{"line":40,"column":21}},"loc":{"start":{"line":40,"column":41},"end":{"line":57,"column":2}},"line":40},"8":{"name":"(anonymous_8)","decl":{"start":{"line":47,"column":20},"end":{"line":47,"column":21}},"loc":{"start":{"line":47,"column":34},"end":{"line":56,"column":3}},"line":47},"9":{"name":"(anonymous_9)","decl":{"start":{"line":60,"column":18},"end":{"line":60,"column":19}},"loc":{"start":{"line":60,"column":39},"end":{"line":80,"column":1}},"line":60},"10":{"name":"(anonymous_10)","decl":{"start":{"line":61,"column":20},"end":{"line":61,"column":21}},"loc":{"start":{"line":61,"column":41},"end":{"line":79,"column":2}},"line":61},"11":{"name":"(anonymous_11)","decl":{"start":{"line":63,"column":23},"end":{"line":63,"column":24}},"loc":{"start":{"line":63,"column":37},"end":{"line":78,"column":3}},"line":63},"12":{"name":"(anonymous_12)","decl":{"start":{"line":70,"column":70},"end":{"line":70,"column":71}},"loc":{"start":{"line":70,"column":95},"end":{"line":76,"column":5}},"line":70},"13":{"name":"StoreUser","decl":{"start":{"line":82,"column":9},"end":{"line":82,"column":18}},"loc":{"start":{"line":82,"column":41},"end":{"line":97,"column":1}},"line":82},"14":{"name":"(anonymous_14)","decl":{"start":{"line":83,"column":20},"end":{"line":83,"column":21}},"loc":{"start":{"line":83,"column":41},"end":{"line":96,"column":2}},"line":83},"15":{"name":"(anonymous_15)","decl":{"start":{"line":86,"column":98},"end":{"line":86,"column":99}},"loc":{"start":{"line":86,"column":113},"end":{"line":95,"column":3}},"line":86},"16":{"name":"(anonymous_16)","decl":{"start":{"line":110,"column":19},"end":{"line":110,"column":20}},"loc":{"start":{"line":111,"column":1},"end":{"line":121,"column":3}},"line":111},"17":{"name":"(anonymous_17)","decl":{"start":{"line":112,"column":8},"end":{"line":112,"column":9}},"loc":{"start":{"line":113,"column":3},"end":{"line":113,"column":33}},"line":113},"18":{"name":"(anonymous_18)","decl":{"start":{"line":114,"column":8},"end":{"line":114,"column":9}},"loc":{"start":{"line":115,"column":3},"end":{"line":115,"column":50}},"line":115},"19":{"name":"(anonymous_19)","decl":{"start":{"line":116,"column":8},"end":{"line":116,"column":9}},"loc":{"start":{"line":118,"column":2},"end":{"line":120,"column":3}},"line":118}},"branchMap":{"0":{"loc":{"start":{"line":16,"column":3},"end":{"line":18,"column":30}},"type":"if","locations":[{"start":{"line":16,"column":3},"end":{"line":18,"column":30}},{"start":{"line":17,"column":8},"end":{"line":18,"column":30}}],"line":16},"1":{"loc":{"start":{"line":17,"column":8},"end":{"line":18,"column":30}},"type":"if","locations":[{"start":{"line":17,"column":8},"end":{"line":18,"column":30}},{"start":{"line":18,"column":8},"end":{"line":18,"column":30}}],"line":17},"2":{"loc":{"start":{"line":28,"column":3},"end":{"line":34,"column":4}},"type":"if","locations":[{"start":{"line":28,"column":3},"end":{"line":34,"column":4}},{"start":{"line":29,"column":8},"end":{"line":34,"column":4}}],"line":28},"3":{"loc":{"start":{"line":48,"column":3},"end":{"line":55,"column":4}},"type":"if","locations":[{"start":{"line":48,"column":3},"end":{"line":55,"column":4}},{"start":{"line":50,"column":8},"end":{"line":55,"column":4}}],"line":48},"4":{"loc":{"start":{"line":50,"column":8},"end":{"line":55,"column":4}},"type":"if","locations":[{"start":{"line":50,"column":8},"end":{"line":55,"column":4}},{"start":{"line":52,"column":8},"end":{"line":55,"column":4}}],"line":50},"5":{"loc":{"start":{"line":64,"column":3},"end":{"line":77,"column":4}},"type":"if","locations":[{"start":{"line":64,"column":3},"end":{"line":77,"column":4}},{"start":{"line":65,"column":8},"end":{"line":77,"column":4}}],"line":64},"6":{"loc":{"start":{"line":65,"column":8},"end":{"line":77,"column":4}},"type":"if","locations":[{"start":{"line":65,"column":8},"end":{"line":77,"column":4}},{"start":{"line":66,"column":8},"end":{"line":77,"column":4}}],"line":65},"7":{"loc":{"start":{"line":71,"column":5},"end":{"line":71,"column":26}},"type":"if","locations":[{"start":{"line":71,"column":5},"end":{"line":71,"column":26}},{"start":{},"end":{}}],"line":71},"8":{"loc":{"start":{"line":73,"column":5},"end":{"line":75,"column":24}},"type":"if","locations":[{"start":{"line":73,"column":5},"end":{"line":75,"column":24}},{"start":{"line":75,"column":10},"end":{"line":75,"column":24}}],"line":73},"9":{"loc":{"start":{"line":87,"column":3},"end":{"line":94,"column":4}},"type":"if","locations":[{"start":{"line":87,"column":3},"end":{"line":94,"column":4}},{"start":{"line":91,"column":8},"end":{"line":94,"column":4}}],"line":87}},"s":{"0":1,"1":1,"2":1,"3":1,"4":1,"5":2,"6":2,"7":2,"8":2,"9":0,"10":2,"11":2,"12":0,"13":2,"14":2,"15":2,"16":0,"17":0,"18":0,"19":1,"20":0,"21":0,"22":0,"23":0,"24":0,"25":0,"26":0,"27":0,"28":0,"29":0,"30":1,"31":0,"32":0,"33":0,"34":0,"35":0,"36":0,"37":0,"38":0,"39":0,"40":0,"41":0,"42":0,"43":0,"44":0,"45":0,"46":0,"47":0,"48":0,"49":0,"50":0,"51":0,"52":0,"53":0,"54":0,"55":1,"56":2,"57":2,"58":0,"59":0},"f":{"0":2,"1":2,"2":2,"3":2,"4":2,"5":0,"6":0,"7":0,"8":0,"9":0,"10":0,"11":0,"12":0,"13":0,"14":0,"15":0,"16":2,"17":2,"18":0,"19":0},"b":{"0":[0,2],"1":[2,0],"2":[0,0],"3":[0,0],"4":[0,0],"5":[0,0],"6":[0,0],"7":[0,0],"8":[0,0],"9":[0,0]},"_coverageSchema":"1a1c01bbd47fc00a2c39e90264f33305004495a9","hash":"129c61d16d5a4150cbdcbe750fbab80d2d393879"}
,"C:\\Users\\edoar\\code\\HikeTracker\\server\\DAO\\pointsDAO.js": {"path":"C:\\Users\\edoar\\code\\HikeTracker\\server\\DAO\\pointsDAO.js","statementMap":{"0":{"start":{"line":1,"column":18},"end":{"line":1,"column":59}},"1":{"start":{"line":2,"column":18},"end":{"line":2,"column":50}},"2":{"start":{"line":4,"column":18},"end":{"line":4,"column":41}},"3":{"start":{"line":5,"column":11},"end":{"line":5,"column":28}},"4":{"start":{"line":10,"column":0},"end":{"line":24,"column":1}},"5":{"start":{"line":11,"column":4},"end":{"line":23,"column":7}},"6":{"start":{"line":12,"column":20},"end":{"line":12,"column":59}},"7":{"start":{"line":13,"column":23},"end":{"line":13,"column":32}},"8":{"start":{"line":14,"column":8},"end":{"line":22,"column":10}},"9":{"start":{"line":15,"column":12},"end":{"line":18,"column":13}},"10":{"start":{"line":16,"column":16},"end":{"line":16,"column":28}},"11":{"start":{"line":17,"column":16},"end":{"line":17,"column":23}},"12":{"start":{"line":20,"column":26},"end":{"line":20,"column":164}},"13":{"start":{"line":21,"column":12},"end":{"line":21,"column":27}},"14":{"start":{"line":26,"column":0},"end":{"line":44,"column":1}},"15":{"start":{"line":27,"column":4},"end":{"line":43,"column":7}},"16":{"start":{"line":28,"column":20},"end":{"line":28,"column":129}},"17":{"start":{"line":29,"column":23},"end":{"line":29,"column":31}},"18":{"start":{"line":31,"column":8},"end":{"line":42,"column":10}},"19":{"start":{"line":32,"column":12},"end":{"line":36,"column":13}},"20":{"start":{"line":33,"column":16},"end":{"line":33,"column":33}},"21":{"start":{"line":34,"column":16},"end":{"line":34,"column":28}},"22":{"start":{"line":35,"column":16},"end":{"line":35,"column":23}},"23":{"start":{"line":37,"column":27},"end":{"line":40,"column":13}},"24":{"start":{"line":39,"column":14},"end":{"line":39,"column":147}},"25":{"start":{"line":41,"column":12},"end":{"line":41,"column":28}},"26":{"start":{"line":47,"column":0},"end":{"line":60,"column":1}},"27":{"start":{"line":48,"column":4},"end":{"line":59,"column":7}},"28":{"start":{"line":49,"column":20},"end":{"line":49,"column":106}},"29":{"start":{"line":50,"column":8},"end":{"line":58,"column":10}},"30":{"start":{"line":53,"column":12},"end":{"line":56,"column":13}},"31":{"start":{"line":54,"column":16},"end":{"line":54,"column":32}},"32":{"start":{"line":55,"column":16},"end":{"line":55,"column":28}},"33":{"start":{"line":57,"column":12},"end":{"line":57,"column":33}},"34":{"start":{"line":62,"column":0},"end":{"line":73,"column":1}},"35":{"start":{"line":63,"column":4},"end":{"line":72,"column":6}},"36":{"start":{"line":64,"column":20},"end":{"line":64,"column":57}},"37":{"start":{"line":65,"column":8},"end":{"line":71,"column":10}},"38":{"start":{"line":66,"column":12},"end":{"line":69,"column":13}},"39":{"start":{"line":67,"column":16},"end":{"line":67,"column":32}},"40":{"start":{"line":68,"column":16},"end":{"line":68,"column":28}},"41":{"start":{"line":70,"column":12},"end":{"line":70,"column":22}},"42":{"start":{"line":75,"column":0},"end":{"line":91,"column":1}},"43":{"start":{"line":76,"column":4},"end":{"line":90,"column":6}},"44":{"start":{"line":77,"column":20},"end":{"line":77,"column":76}},"45":{"start":{"line":78,"column":8},"end":{"line":89,"column":10}},"46":{"start":{"line":79,"column":12},"end":{"line":82,"column":13}},"47":{"start":{"line":80,"column":16},"end":{"line":80,"column":33}},"48":{"start":{"line":81,"column":16},"end":{"line":81,"column":28}},"49":{"start":{"line":84,"column":23},"end":{"line":87,"column":13}},"50":{"start":{"line":86,"column":14},"end":{"line":86,"column":167}},"51":{"start":{"line":88,"column":12},"end":{"line":88,"column":26}},"52":{"start":{"line":93,"column":0},"end":{"line":105,"column":1}},"53":{"start":{"line":94,"column":4},"end":{"line":104,"column":7}},"54":{"start":{"line":96,"column":20},"end":{"line":96,"column":82}},"55":{"start":{"line":97,"column":8},"end":{"line":103,"column":10}},"56":{"start":{"line":98,"column":12},"end":{"line":101,"column":13}},"57":{"start":{"line":99,"column":16},"end":{"line":99,"column":32}},"58":{"start":{"line":100,"column":16},"end":{"line":100,"column":28}},"59":{"start":{"line":102,"column":12},"end":{"line":102,"column":22}},"60":{"start":{"line":107,"column":0},"end":{"line":118,"column":1}},"61":{"start":{"line":108,"column":4},"end":{"line":117,"column":6}},"62":{"start":{"line":109,"column":20},"end":{"line":109,"column":107}},"63":{"start":{"line":110,"column":8},"end":{"line":116,"column":10}},"64":{"start":{"line":111,"column":12},"end":{"line":114,"column":13}},"65":{"start":{"line":112,"column":16},"end":{"line":112,"column":32}},"66":{"start":{"line":113,"column":16},"end":{"line":113,"column":28}},"67":{"start":{"line":115,"column":12},"end":{"line":115,"column":22}},"68":{"start":{"line":120,"column":0},"end":{"line":132,"column":1}},"69":{"start":{"line":121,"column":4},"end":{"line":131,"column":6}},"70":{"start":{"line":122,"column":8},"end":{"line":122,"column":24}},"71":{"start":{"line":123,"column":20},"end":{"line":123,"column":81}},"72":{"start":{"line":124,"column":8},"end":{"line":130,"column":10}},"73":{"start":{"line":125,"column":12},"end":{"line":128,"column":13}},"74":{"start":{"line":126,"column":16},"end":{"line":126,"column":37}},"75":{"start":{"line":127,"column":16},"end":{"line":127,"column":28}},"76":{"start":{"line":129,"column":12},"end":{"line":129,"column":22}},"77":{"start":{"line":134,"column":0},"end":{"line":145,"column":1}},"78":{"start":{"line":135,"column":4},"end":{"line":144,"column":6}},"79":{"start":{"line":136,"column":20},"end":{"line":136,"column":53}},"80":{"start":{"line":137,"column":8},"end":{"line":143,"column":10}},"81":{"start":{"line":138,"column":12},"end":{"line":141,"column":13}},"82":{"start":{"line":139,"column":16},"end":{"line":139,"column":32}},"83":{"start":{"line":140,"column":16},"end":{"line":140,"column":28}},"84":{"start":{"line":142,"column":12},"end":{"line":142,"column":22}}},"fnMap":{"0":{"name":"(anonymous_0)","decl":{"start":{"line":10,"column":19},"end":{"line":10,"column":20}},"loc":{"start":{"line":10,"column":32},"end":{"line":24,"column":1}},"line":10},"1":{"name":"(anonymous_1)","decl":{"start":{"line":11,"column":23},"end":{"line":11,"column":24}},"loc":{"start":{"line":11,"column":44},"end":{"line":23,"column":5}},"line":11},"2":{"name":"(anonymous_2)","decl":{"start":{"line":14,"column":28},"end":{"line":14,"column":29}},"loc":{"start":{"line":14,"column":42},"end":{"line":22,"column":9}},"line":14},"3":{"name":"(anonymous_3)","decl":{"start":{"line":26,"column":24},"end":{"line":26,"column":25}},"loc":{"start":{"line":26,"column":36},"end":{"line":44,"column":1}},"line":26},"4":{"name":"(anonymous_4)","decl":{"start":{"line":27,"column":23},"end":{"line":27,"column":24}},"loc":{"start":{"line":27,"column":44},"end":{"line":43,"column":5}},"line":27},"5":{"name":"(anonymous_5)","decl":{"start":{"line":31,"column":28},"end":{"line":31,"column":29}},"loc":{"start":{"line":31,"column":43},"end":{"line":42,"column":9}},"line":31},"6":{"name":"(anonymous_6)","decl":{"start":{"line":37,"column":36},"end":{"line":37,"column":37}},"loc":{"start":{"line":39,"column":12},"end":{"line":39,"column":149}},"line":39},"7":{"name":"(anonymous_7)","decl":{"start":{"line":47,"column":22},"end":{"line":47,"column":23}},"loc":{"start":{"line":47,"column":33},"end":{"line":60,"column":1}},"line":47},"8":{"name":"(anonymous_8)","decl":{"start":{"line":48,"column":23},"end":{"line":48,"column":24}},"loc":{"start":{"line":48,"column":44},"end":{"line":59,"column":5}},"line":48},"9":{"name":"(anonymous_9)","decl":{"start":{"line":50,"column":94},"end":{"line":50,"column":95}},"loc":{"start":{"line":50,"column":114},"end":{"line":58,"column":9}},"line":50},"10":{"name":"(anonymous_10)","decl":{"start":{"line":62,"column":22},"end":{"line":62,"column":23}},"loc":{"start":{"line":62,"column":35},"end":{"line":73,"column":1}},"line":62},"11":{"name":"(anonymous_11)","decl":{"start":{"line":63,"column":23},"end":{"line":63,"column":24}},"loc":{"start":{"line":63,"column":44},"end":{"line":72,"column":5}},"line":63},"12":{"name":"(anonymous_12)","decl":{"start":{"line":65,"column":31},"end":{"line":65,"column":32}},"loc":{"start":{"line":65,"column":51},"end":{"line":71,"column":9}},"line":65},"13":{"name":"(anonymous_13)","decl":{"start":{"line":75,"column":18},"end":{"line":75,"column":19}},"loc":{"start":{"line":75,"column":24},"end":{"line":91,"column":1}},"line":75},"14":{"name":"(anonymous_14)","decl":{"start":{"line":76,"column":23},"end":{"line":76,"column":24}},"loc":{"start":{"line":76,"column":44},"end":{"line":90,"column":5}},"line":76},"15":{"name":"(anonymous_15)","decl":{"start":{"line":78,"column":20},"end":{"line":78,"column":21}},"loc":{"start":{"line":78,"column":35},"end":{"line":89,"column":9}},"line":78},"16":{"name":"(anonymous_16)","decl":{"start":{"line":84,"column":32},"end":{"line":84,"column":33}},"loc":{"start":{"line":86,"column":12},"end":{"line":86,"column":169}},"line":86},"17":{"name":"(anonymous_17)","decl":{"start":{"line":93,"column":20},"end":{"line":93,"column":21}},"loc":{"start":{"line":93,"column":29},"end":{"line":105,"column":1}},"line":93},"18":{"name":"(anonymous_18)","decl":{"start":{"line":94,"column":23},"end":{"line":94,"column":24}},"loc":{"start":{"line":94,"column":44},"end":{"line":104,"column":5}},"line":94},"19":{"name":"(anonymous_19)","decl":{"start":{"line":97,"column":63},"end":{"line":97,"column":64}},"loc":{"start":{"line":97,"column":83},"end":{"line":103,"column":9}},"line":97},"20":{"name":"(anonymous_20)","decl":{"start":{"line":107,"column":22},"end":{"line":107,"column":23}},"loc":{"start":{"line":107,"column":33},"end":{"line":118,"column":1}},"line":107},"21":{"name":"(anonymous_21)","decl":{"start":{"line":108,"column":23},"end":{"line":108,"column":24}},"loc":{"start":{"line":108,"column":44},"end":{"line":117,"column":5}},"line":108},"22":{"name":"(anonymous_22)","decl":{"start":{"line":110,"column":97},"end":{"line":110,"column":98}},"loc":{"start":{"line":110,"column":117},"end":{"line":116,"column":9}},"line":110},"23":{"name":"(anonymous_23)","decl":{"start":{"line":120,"column":20},"end":{"line":120,"column":21}},"loc":{"start":{"line":120,"column":29},"end":{"line":132,"column":1}},"line":120},"24":{"name":"(anonymous_24)","decl":{"start":{"line":121,"column":23},"end":{"line":121,"column":24}},"loc":{"start":{"line":121,"column":44},"end":{"line":131,"column":5}},"line":121},"25":{"name":"(anonymous_25)","decl":{"start":{"line":124,"column":65},"end":{"line":124,"column":66}},"loc":{"start":{"line":124,"column":85},"end":{"line":130,"column":9}},"line":124},"26":{"name":"(anonymous_26)","decl":{"start":{"line":134,"column":20},"end":{"line":134,"column":21}},"loc":{"start":{"line":134,"column":31},"end":{"line":145,"column":1}},"line":134},"27":{"name":"(anonymous_27)","decl":{"start":{"line":135,"column":23},"end":{"line":135,"column":24}},"loc":{"start":{"line":135,"column":44},"end":{"line":144,"column":5}},"line":135},"28":{"name":"(anonymous_28)","decl":{"start":{"line":137,"column":29},"end":{"line":137,"column":30}},"loc":{"start":{"line":137,"column":49},"end":{"line":143,"column":9}},"line":137}},"branchMap":{"0":{"loc":{"start":{"line":15,"column":12},"end":{"line":18,"column":13}},"type":"if","locations":[{"start":{"line":15,"column":12},"end":{"line":18,"column":13}},{"start":{},"end":{}}],"line":15},"1":{"loc":{"start":{"line":32,"column":12},"end":{"line":36,"column":13}},"type":"if","locations":[{"start":{"line":32,"column":12},"end":{"line":36,"column":13}},{"start":{},"end":{}}],"line":32},"2":{"loc":{"start":{"line":53,"column":12},"end":{"line":56,"column":13}},"type":"if","locations":[{"start":{"line":53,"column":12},"end":{"line":56,"column":13}},{"start":{},"end":{}}],"line":53},"3":{"loc":{"start":{"line":66,"column":12},"end":{"line":69,"column":13}},"type":"if","locations":[{"start":{"line":66,"column":12},"end":{"line":69,"column":13}},{"start":{},"end":{}}],"line":66},"4":{"loc":{"start":{"line":79,"column":12},"end":{"line":82,"column":13}},"type":"if","locations":[{"start":{"line":79,"column":12},"end":{"line":82,"column":13}},{"start":{},"end":{}}],"line":79},"5":{"loc":{"start":{"line":98,"column":12},"end":{"line":101,"column":13}},"type":"if","locations":[{"start":{"line":98,"column":12},"end":{"line":101,"column":13}},{"start":{},"end":{}}],"line":98},"6":{"loc":{"start":{"line":111,"column":12},"end":{"line":114,"column":13}},"type":"if","locations":[{"start":{"line":111,"column":12},"end":{"line":114,"column":13}},{"start":{},"end":{}}],"line":111},"7":{"loc":{"start":{"line":125,"column":12},"end":{"line":128,"column":13}},"type":"if","locations":[{"start":{"line":125,"column":12},"end":{"line":128,"column":13}},{"start":{},"end":{}}],"line":125},"8":{"loc":{"start":{"line":138,"column":12},"end":{"line":141,"column":13}},"type":"if","locations":[{"start":{"line":138,"column":12},"end":{"line":141,"column":13}},{"start":{},"end":{}}],"line":138}},"s":{"0":1,"1":1,"2":1,"3":1,"4":1,"5":0,"6":0,"7":0,"8":0,"9":0,"10":0,"11":0,"12":0,"13":0,"14":1,"15":0,"16":0,"17":0,"18":0,"19":0,"20":0,"21":0,"22":0,"23":0,"24":0,"25":0,"26":1,"27":1,"28":1,"29":1,"30":1,"31":0,"32":0,"33":1,"34":1,"35":0,"36":0,"37":0,"38":0,"39":0,"40":0,"41":0,"42":1,"43":0,"44":0,"45":0,"46":0,"47":0,"48":0,"49":0,"50":0,"51":0,"52":1,"53":1,"54":1,"55":1,"56":1,"57":0,"58":0,"59":1,"60":1,"61":0,"62":0,"63":0,"64":0,"65":0,"66":0,"67":0,"68":1,"69":0,"70":0,"71":0,"72":0,"73":0,"74":0,"75":0,"76":0,"77":1,"78":0,"79":0,"80":0,"81":0,"82":0,"83":0,"84":0},"f":{"0":0,"1":0,"2":0,"3":0,"4":0,"5":0,"6":0,"7":1,"8":1,"9":1,"10":0,"11":0,"12":0,"13":0,"14":0,"15":0,"16":0,"17":1,"18":1,"19":1,"20":0,"21":0,"22":0,"23":0,"24":0,"25":0,"26":0,"27":0,"28":0},"b":{"0":[0,0],"1":[0,0],"2":[0,1],"3":[0,0],"4":[0,0],"5":[0,1],"6":[0,0],"7":[0,0],"8":[0,0]},"_coverageSchema":"1a1c01bbd47fc00a2c39e90264f33305004495a9","hash":"b7dff17be968dd0a28db6407c336139dc610c93f"}
,"C:\\Users\\edoar\\code\\HikeTracker\\server\\database\\DBManager.js": {"path":"C:\\Users\\edoar\\code\\HikeTracker\\server\\database\\DBManager.js","statementMap":{"0":{"start":{"line":1,"column":15},"end":{"line":1,"column":33}},"1":{"start":{"line":2,"column":15},"end":{"line":2,"column":32}},"2":{"start":{"line":9,"column":8},"end":{"line":15,"column":11}},"3":{"start":{"line":10,"column":12},"end":{"line":13,"column":13}},"4":{"start":{"line":11,"column":16},"end":{"line":11,"column":54}},"5":{"start":{"line":12,"column":16},"end":{"line":12,"column":26}},"6":{"start":{"line":19,"column":8},"end":{"line":19,"column":23}},"7":{"start":{"line":23,"column":17},"end":{"line":23,"column":25}},"8":{"start":{"line":24,"column":8},"end":{"line":36,"column":10}},"9":{"start":{"line":25,"column":12},"end":{"line":25,"column":49}},"10":{"start":{"line":26,"column":12},"end":{"line":26,"column":50}},"11":{"start":{"line":27,"column":12},"end":{"line":27,"column":48}},"12":{"start":{"line":28,"column":12},"end":{"line":28,"column":55}},"13":{"start":{"line":29,"column":12},"end":{"line":29,"column":63}},"14":{"start":{"line":30,"column":12},"end":{"line":30,"column":49}},"15":{"start":{"line":31,"column":12},"end":{"line":31,"column":54}},"16":{"start":{"line":32,"column":12},"end":{"line":32,"column":60}},"17":{"start":{"line":33,"column":12},"end":{"line":33,"column":54}},"18":{"start":{"line":34,"column":12},"end":{"line":34,"column":22}},"19":{"start":{"line":40,"column":17},"end":{"line":40,"column":25}},"20":{"start":{"line":41,"column":8},"end":{"line":44,"column":10}},"21":{"start":{"line":42,"column":12},"end":{"line":42,"column":50}},"22":{"start":{"line":43,"column":12},"end":{"line":43,"column":22}},"23":{"start":{"line":48,"column":17},"end":{"line":48,"column":25}},"24":{"start":{"line":49,"column":8},"end":{"line":55,"column":10}},"25":{"start":{"line":50,"column":12},"end":{"line":53,"column":80}},"26":{"start":{"line":54,"column":12},"end":{"line":54,"column":22}},"27":{"start":{"line":59,"column":17},"end":{"line":59,"column":25}},"28":{"start":{"line":60,"column":18},"end":{"line":60,"column":138}},"29":{"start":{"line":62,"column":8},"end":{"line":83,"column":40}},"30":{"start":{"line":63,"column":12},"end":{"line":75,"column":14}},"31":{"start":{"line":64,"column":27},"end":{"line":64,"column":49}},"32":{"start":{"line":66,"column":16},"end":{"line":74,"column":19}},"33":{"start":{"line":67,"column":20},"end":{"line":73,"column":21}},"34":{"start":{"line":67,"column":29},"end":{"line":67,"column":41}},"35":{"start":{"line":69,"column":24},"end":{"line":69,"column":60}},"36":{"start":{"line":70,"column":24},"end":{"line":70,"column":62}},"37":{"start":{"line":72,"column":24},"end":{"line":72,"column":38}},"38":{"start":{"line":76,"column":23},"end":{"line":83,"column":10}},"39":{"start":{"line":77,"column":12},"end":{"line":82,"column":13}},"40":{"start":{"line":78,"column":16},"end":{"line":81,"column":18}},"41":{"start":{"line":79,"column":20},"end":{"line":80,"column":35}},"42":{"start":{"line":79,"column":29},"end":{"line":79,"column":41}},"43":{"start":{"line":80,"column":25},"end":{"line":80,"column":35}},"44":{"start":{"line":83,"column":27},"end":{"line":83,"column":36}},"45":{"start":{"line":87,"column":0},"end":{"line":87,"column":26}}},"fnMap":{"0":{"name":"(anonymous_0)","decl":{"start":{"line":7,"column":4},"end":{"line":7,"column":5}},"loc":{"start":{"line":7,"column":24},"end":{"line":16,"column":5}},"line":7},"1":{"name":"(anonymous_1)","decl":{"start":{"line":9,"column":83},"end":{"line":9,"column":84}},"loc":{"start":{"line":9,"column":92},"end":{"line":15,"column":9}},"line":9},"2":{"name":"(anonymous_2)","decl":{"start":{"line":18,"column":4},"end":{"line":18,"column":5}},"loc":{"start":{"line":18,"column":12},"end":{"line":20,"column":5}},"line":18},"3":{"name":"(anonymous_3)","decl":{"start":{"line":22,"column":4},"end":{"line":22,"column":5}},"loc":{"start":{"line":22,"column":20},"end":{"line":37,"column":5}},"line":22},"4":{"name":"(anonymous_4)","decl":{"start":{"line":24,"column":27},"end":{"line":24,"column":28}},"loc":{"start":{"line":24,"column":54},"end":{"line":36,"column":9}},"line":24},"5":{"name":"(anonymous_5)","decl":{"start":{"line":39,"column":4},"end":{"line":39,"column":5}},"loc":{"start":{"line":39,"column":27},"end":{"line":45,"column":5}},"line":39},"6":{"name":"(anonymous_6)","decl":{"start":{"line":41,"column":27},"end":{"line":41,"column":28}},"loc":{"start":{"line":41,"column":54},"end":{"line":44,"column":9}},"line":41},"7":{"name":"(anonymous_7)","decl":{"start":{"line":47,"column":4},"end":{"line":47,"column":5}},"loc":{"start":{"line":47,"column":33},"end":{"line":56,"column":5}},"line":47},"8":{"name":"(anonymous_8)","decl":{"start":{"line":49,"column":27},"end":{"line":49,"column":28}},"loc":{"start":{"line":49,"column":54},"end":{"line":55,"column":9}},"line":49},"9":{"name":"(anonymous_9)","decl":{"start":{"line":58,"column":4},"end":{"line":58,"column":5}},"loc":{"start":{"line":58,"column":30},"end":{"line":84,"column":5}},"line":58},"10":{"name":"(anonymous_10)","decl":{"start":{"line":62,"column":37},"end":{"line":62,"column":38}},"loc":{"start":{"line":63,"column":12},"end":{"line":75,"column":14}},"line":63},"11":{"name":"(anonymous_11)","decl":{"start":{"line":63,"column":24},"end":{"line":63,"column":25}},"loc":{"start":{"line":63,"column":45},"end":{"line":75,"column":13}},"line":63},"12":{"name":"(anonymous_12)","decl":{"start":{"line":66,"column":55},"end":{"line":66,"column":56}},"loc":{"start":{"line":66,"column":68},"end":{"line":74,"column":17}},"line":66},"13":{"name":"(anonymous_13)","decl":{"start":{"line":76,"column":16},"end":{"line":76,"column":17}},"loc":{"start":{"line":76,"column":23},"end":{"line":83,"column":10}},"line":76},"14":{"name":"(anonymous_14)","decl":{"start":{"line":76,"column":43},"end":{"line":76,"column":44}},"loc":{"start":{"line":77,"column":12},"end":{"line":82,"column":13}},"line":77},"15":{"name":"(anonymous_15)","decl":{"start":{"line":77,"column":24},"end":{"line":77,"column":25}},"loc":{"start":{"line":78,"column":16},"end":{"line":81,"column":18}},"line":78},"16":{"name":"(anonymous_16)","decl":{"start":{"line":78,"column":131},"end":{"line":78,"column":132}},"loc":{"start":{"line":78,"column":138},"end":{"line":81,"column":17}},"line":78},"17":{"name":"(anonymous_17)","decl":{"start":{"line":83,"column":18},"end":{"line":83,"column":19}},"loc":{"start":{"line":83,"column":25},"end":{"line":83,"column":38}},"line":83}},"branchMap":{"0":{"loc":{"start":{"line":10,"column":12},"end":{"line":13,"column":13}},"type":"if","locations":[{"start":{"line":10,"column":12},"end":{"line":13,"column":13}},{"start":{},"end":{}}],"line":10},"1":{"loc":{"start":{"line":67,"column":20},"end":{"line":73,"column":21}},"type":"if","locations":[{"start":{"line":67,"column":20},"end":{"line":73,"column":21}},{"start":{"line":68,"column":25},"end":{"line":73,"column":21}}],"line":67},"2":{"loc":{"start":{"line":79,"column":20},"end":{"line":80,"column":35}},"type":"if","locations":[{"start":{"line":79,"column":20},"end":{"line":80,"column":35}},{"start":{"line":80,"column":25},"end":{"line":80,"column":35}}],"line":79}},"s":{"0":2,"1":2,"2":2,"3":2,"4":0,"5":0,"6":4,"7":0,"8":0,"9":0,"10":0,"11":0,"12":0,"13":0,"14":0,"15":0,"16":0,"17":0,"18":0,"19":0,"20":0,"21":0,"22":0,"23":0,"24":0,"25":0,"26":0,"27":1,"28":1,"29":1,"30":1,"31":1,"32":1,"33":1,"34":0,"35":1,"36":1,"37":1,"38":1,"39":1,"40":1,"41":1,"42":0,"43":1,"44":0,"45":2},"f":{"0":2,"1":2,"2":4,"3":0,"4":0,"5":0,"6":0,"7":0,"8":0,"9":1,"10":1,"11":1,"12":1,"13":1,"14":1,"15":1,"16":1,"17":0},"b":{"0":[0,2],"1":[0,1],"2":[0,1]},"_coverageSchema":"1a1c01bbd47fc00a2c39e90264f33305004495a9","hash":"6e0174a71145e836099f88e2ffd7441d70f69267"}
,"C:\\Users\\edoar\\code\\HikeTracker\\server\\database\\DBManagerSingleton.js": {"path":"C:\\Users\\edoar\\code\\HikeTracker\\server\\database\\DBManagerSingleton.js","statementMap":{"0":{"start":{"line":1,"column":18},"end":{"line":1,"column":40}},"1":{"start":{"line":4,"column":23},"end":{"line":4,"column":27}},"2":{"start":{"line":5,"column":27},"end":{"line":5,"column":32}},"3":{"start":{"line":8,"column":8},"end":{"line":10,"column":9}},"4":{"start":{"line":9,"column":12},"end":{"line":9,"column":52}},"5":{"start":{"line":11,"column":8},"end":{"line":11,"column":30}},"6":{"start":{"line":15,"column":8},"end":{"line":18,"column":9}},"7":{"start":{"line":16,"column":12},"end":{"line":16,"column":52}},"8":{"start":{"line":17,"column":12},"end":{"line":17,"column":37}},"9":{"start":{"line":19,"column":8},"end":{"line":19,"column":30}},"10":{"start":{"line":24,"column":0},"end":{"line":24,"column":27}}},"fnMap":{"0":{"name":"(anonymous_0)","decl":{"start":{"line":7,"column":4},"end":{"line":7,"column":5}},"loc":{"start":{"line":7,"column":25},"end":{"line":12,"column":5}},"line":7},"1":{"name":"(anonymous_1)","decl":{"start":{"line":14,"column":4},"end":{"line":14,"column":5}},"loc":{"start":{"line":14,"column":29},"end":{"line":20,"column":5}},"line":14}},"branchMap":{"0":{"loc":{"start":{"line":8,"column":8},"end":{"line":10,"column":9}},"type":"if","locations":[{"start":{"line":8,"column":8},"end":{"line":10,"column":9}},{"start":{},"end":{}}],"line":8},"1":{"loc":{"start":{"line":15,"column":8},"end":{"line":18,"column":9}},"type":"if","locations":[{"start":{"line":15,"column":8},"end":{"line":18,"column":9}},{"start":{},"end":{}}],"line":15},"2":{"loc":{"start":{"line":15,"column":12},"end":{"line":15,"column":57}},"type":"binary-expr","locations":[{"start":{"line":15,"column":12},"end":{"line":15,"column":34}},{"start":{"line":15,"column":38},"end":{"line":15,"column":57}}],"line":15}},"s":{"0":2,"1":2,"2":2,"3":2,"4":0,"5":2,"6":2,"7":2,"8":2,"9":2,"10":2},"f":{"0":2,"1":2},"b":{"0":[0,2],"1":[2,0],"2":[2,0]},"_coverageSchema":"1a1c01bbd47fc00a2c39e90264f33305004495a9","hash":"25fac22dd25b6efaff9c82a4c1507fce0515e06a"}
}
