{"C:\\Users\\edoar\\code\\HikeTracker\\server\\Controller\\PointController.js": {"path":"C:\\Users\\edoar\\code\\HikeTracker\\server\\Controller\\PointController.js","statementMap":{"0":{"start":{"line":1,"column":18},"end":{"line":1,"column":45}},"1":{"start":{"line":5,"column":2},"end":{"line":5,"column":36}},"2":{"start":{"line":9,"column":15},"end":{"line":11,"column":4}},"3":{"start":{"line":10,"column":3},"end":{"line":10,"column":17}},"4":{"start":{"line":13,"column":2},"end":{"line":13,"column":14}},"5":{"start":{"line":17,"column":16},"end":{"line":19,"column":4}},"6":{"start":{"line":18,"column":3},"end":{"line":18,"column":17}},"7":{"start":{"line":21,"column":2},"end":{"line":21,"column":15}},"8":{"start":{"line":25,"column":17},"end":{"line":27,"column":4}},"9":{"start":{"line":26,"column":3},"end":{"line":26,"column":17}},"10":{"start":{"line":29,"column":2},"end":{"line":29,"column":16}},"11":{"start":{"line":34,"column":93},"end":{"line":34,"column":96}},"12":{"start":{"line":36,"column":2},"end":{"line":37,"column":38}},"13":{"start":{"line":37,"column":3},"end":{"line":37,"column":38}},"14":{"start":{"line":38,"column":2},"end":{"line":39,"column":42}},"15":{"start":{"line":39,"column":3},"end":{"line":39,"column":42}},"16":{"start":{"line":40,"column":2},"end":{"line":41,"column":43}},"17":{"start":{"line":41,"column":3},"end":{"line":41,"column":43}},"18":{"start":{"line":42,"column":2},"end":{"line":43,"column":41}},"19":{"start":{"line":43,"column":3},"end":{"line":43,"column":41}},"20":{"start":{"line":44,"column":2},"end":{"line":45,"column":41}},"21":{"start":{"line":45,"column":3},"end":{"line":45,"column":41}},"22":{"start":{"line":46,"column":2},"end":{"line":47,"column":41}},"23":{"start":{"line":47,"column":3},"end":{"line":47,"column":41}},"24":{"start":{"line":48,"column":2},"end":{"line":49,"column":42}},"25":{"start":{"line":49,"column":3},"end":{"line":49,"column":42}},"26":{"start":{"line":50,"column":2},"end":{"line":51,"column":44}},"27":{"start":{"line":51,"column":3},"end":{"line":51,"column":44}},"28":{"start":{"line":54,"column":2},"end":{"line":59,"column":67}},"29":{"start":{"line":58,"column":18},"end":{"line":58,"column":33}},"30":{"start":{"line":59,"column":19},"end":{"line":59,"column":53}},"31":{"start":{"line":59,"column":54},"end":{"line":59,"column":63}},"32":{"start":{"line":61,"column":2},"end":{"line":66,"column":6}},"33":{"start":{"line":64,"column":4},"end":{"line":64,"column":23}},"34":{"start":{"line":65,"column":4},"end":{"line":65,"column":14}},"35":{"start":{"line":78,"column":24},"end":{"line":86,"column":3}},"36":{"start":{"line":87,"column":2},"end":{"line":87,"column":25}},"37":{"start":{"line":92,"column":93},"end":{"line":92,"column":96}},"38":{"start":{"line":94,"column":2},"end":{"line":95,"column":38}},"39":{"start":{"line":95,"column":3},"end":{"line":95,"column":38}},"40":{"start":{"line":96,"column":2},"end":{"line":97,"column":42}},"41":{"start":{"line":97,"column":3},"end":{"line":97,"column":42}},"42":{"start":{"line":98,"column":2},"end":{"line":99,"column":43}},"43":{"start":{"line":99,"column":3},"end":{"line":99,"column":43}},"44":{"start":{"line":100,"column":2},"end":{"line":101,"column":41}},"45":{"start":{"line":101,"column":3},"end":{"line":101,"column":41}},"46":{"start":{"line":102,"column":2},"end":{"line":103,"column":41}},"47":{"start":{"line":103,"column":3},"end":{"line":103,"column":41}},"48":{"start":{"line":104,"column":2},"end":{"line":105,"column":41}},"49":{"start":{"line":105,"column":3},"end":{"line":105,"column":41}},"50":{"start":{"line":106,"column":2},"end":{"line":107,"column":42}},"51":{"start":{"line":107,"column":3},"end":{"line":107,"column":42}},"52":{"start":{"line":108,"column":2},"end":{"line":109,"column":44}},"53":{"start":{"line":109,"column":3},"end":{"line":109,"column":44}},"54":{"start":{"line":111,"column":2},"end":{"line":112,"column":31}},"55":{"start":{"line":112,"column":19},"end":{"line":112,"column":28}},"56":{"start":{"line":114,"column":2},"end":{"line":115,"column":31}},"57":{"start":{"line":115,"column":19},"end":{"line":115,"column":28}},"58":{"start":{"line":119,"column":2},"end":{"line":120,"column":31}},"59":{"start":{"line":120,"column":19},"end":{"line":120,"column":28}},"60":{"start":{"line":122,"column":2},"end":{"line":123,"column":31}},"61":{"start":{"line":123,"column":19},"end":{"line":123,"column":28}},"62":{"start":{"line":125,"column":2},"end":{"line":125,"column":8}},"63":{"start":{"line":129,"column":0},"end":{"line":129,"column":33}}},"fnMap":{"0":{"name":"(anonymous_0)","decl":{"start":{"line":4,"column":1},"end":{"line":4,"column":2}},"loc":{"start":{"line":4,"column":15},"end":{"line":6,"column":2}},"line":4},"1":{"name":"(anonymous_1)","decl":{"start":{"line":8,"column":1},"end":{"line":8,"column":2}},"loc":{"start":{"line":8,"column":17},"end":{"line":14,"column":2}},"line":8},"2":{"name":"(anonymous_2)","decl":{"start":{"line":9,"column":47},"end":{"line":9,"column":48}},"loc":{"start":{"line":9,"column":53},"end":{"line":11,"column":3}},"line":9},"3":{"name":"(anonymous_3)","decl":{"start":{"line":16,"column":1},"end":{"line":16,"column":2}},"loc":{"start":{"line":16,"column":25},"end":{"line":22,"column":2}},"line":16},"4":{"name":"(anonymous_4)","decl":{"start":{"line":17,"column":56},"end":{"line":17,"column":57}},"loc":{"start":{"line":17,"column":62},"end":{"line":19,"column":3}},"line":17},"5":{"name":"(anonymous_5)","decl":{"start":{"line":24,"column":1},"end":{"line":24,"column":2}},"loc":{"start":{"line":24,"column":29},"end":{"line":30,"column":2}},"line":24},"6":{"name":"(anonymous_6)","decl":{"start":{"line":25,"column":61},"end":{"line":25,"column":62}},"loc":{"start":{"line":25,"column":67},"end":{"line":27,"column":3}},"line":25},"7":{"name":"(anonymous_7)","decl":{"start":{"line":32,"column":1},"end":{"line":32,"column":2}},"loc":{"start":{"line":32,"column":22},"end":{"line":88,"column":2}},"line":32},"8":{"name":"(anonymous_8)","decl":{"start":{"line":58,"column":9},"end":{"line":58,"column":10}},"loc":{"start":{"line":58,"column":18},"end":{"line":58,"column":33}},"line":58},"9":{"name":"(anonymous_9)","decl":{"start":{"line":59,"column":10},"end":{"line":59,"column":11}},"loc":{"start":{"line":59,"column":17},"end":{"line":59,"column":65}},"line":59},"10":{"name":"(anonymous_10)","decl":{"start":{"line":63,"column":10},"end":{"line":63,"column":11}},"loc":{"start":{"line":63,"column":19},"end":{"line":66,"column":4}},"line":63},"11":{"name":"(anonymous_11)","decl":{"start":{"line":90,"column":1},"end":{"line":90,"column":2}},"loc":{"start":{"line":90,"column":22},"end":{"line":116,"column":2}},"line":90},"12":{"name":"(anonymous_12)","decl":{"start":{"line":112,"column":10},"end":{"line":112,"column":11}},"loc":{"start":{"line":112,"column":17},"end":{"line":112,"column":30}},"line":112},"13":{"name":"(anonymous_13)","decl":{"start":{"line":115,"column":10},"end":{"line":115,"column":11}},"loc":{"start":{"line":115,"column":17},"end":{"line":115,"column":30}},"line":115},"14":{"name":"(anonymous_14)","decl":{"start":{"line":118,"column":1},"end":{"line":118,"column":2}},"loc":{"start":{"line":118,"column":26},"end":{"line":126,"column":2}},"line":118},"15":{"name":"(anonymous_15)","decl":{"start":{"line":120,"column":10},"end":{"line":120,"column":11}},"loc":{"start":{"line":120,"column":17},"end":{"line":120,"column":30}},"line":120},"16":{"name":"(anonymous_16)","decl":{"start":{"line":123,"column":10},"end":{"line":123,"column":11}},"loc":{"start":{"line":123,"column":17},"end":{"line":123,"column":30}},"line":123}},"branchMap":{"0":{"loc":{"start":{"line":36,"column":2},"end":{"line":37,"column":38}},"type":"if","locations":[{"start":{"line":36,"column":2},"end":{"line":37,"column":38}},{"start":{},"end":{}}],"line":36},"1":{"loc":{"start":{"line":38,"column":2},"end":{"line":39,"column":42}},"type":"if","locations":[{"start":{"line":38,"column":2},"end":{"line":39,"column":42}},{"start":{},"end":{}}],"line":38},"2":{"loc":{"start":{"line":40,"column":2},"end":{"line":41,"column":43}},"type":"if","locations":[{"start":{"line":40,"column":2},"end":{"line":41,"column":43}},{"start":{},"end":{}}],"line":40},"3":{"loc":{"start":{"line":42,"column":2},"end":{"line":43,"column":41}},"type":"if","locations":[{"start":{"line":42,"column":2},"end":{"line":43,"column":41}},{"start":{},"end":{}}],"line":42},"4":{"loc":{"start":{"line":44,"column":2},"end":{"line":45,"column":41}},"type":"if","locations":[{"start":{"line":44,"column":2},"end":{"line":45,"column":41}},{"start":{},"end":{}}],"line":44},"5":{"loc":{"start":{"line":46,"column":2},"end":{"line":47,"column":41}},"type":"if","locations":[{"start":{"line":46,"column":2},"end":{"line":47,"column":41}},{"start":{},"end":{}}],"line":46},"6":{"loc":{"start":{"line":48,"column":2},"end":{"line":49,"column":42}},"type":"if","locations":[{"start":{"line":48,"column":2},"end":{"line":49,"column":42}},{"start":{},"end":{}}],"line":48},"7":{"loc":{"start":{"line":50,"column":2},"end":{"line":51,"column":44}},"type":"if","locations":[{"start":{"line":50,"column":2},"end":{"line":51,"column":44}},{"start":{},"end":{}}],"line":50},"8":{"loc":{"start":{"line":94,"column":2},"end":{"line":95,"column":38}},"type":"if","locations":[{"start":{"line":94,"column":2},"end":{"line":95,"column":38}},{"start":{},"end":{}}],"line":94},"9":{"loc":{"start":{"line":96,"column":2},"end":{"line":97,"column":42}},"type":"if","locations":[{"start":{"line":96,"column":2},"end":{"line":97,"column":42}},{"start":{},"end":{}}],"line":96},"10":{"loc":{"start":{"line":98,"column":2},"end":{"line":99,"column":43}},"type":"if","locations":[{"start":{"line":98,"column":2},"end":{"line":99,"column":43}},{"start":{},"end":{}}],"line":98},"11":{"loc":{"start":{"line":100,"column":2},"end":{"line":101,"column":41}},"type":"if","locations":[{"start":{"line":100,"column":2},"end":{"line":101,"column":41}},{"start":{},"end":{}}],"line":100},"12":{"loc":{"start":{"line":102,"column":2},"end":{"line":103,"column":41}},"type":"if","locations":[{"start":{"line":102,"column":2},"end":{"line":103,"column":41}},{"start":{},"end":{}}],"line":102},"13":{"loc":{"start":{"line":104,"column":2},"end":{"line":105,"column":41}},"type":"if","locations":[{"start":{"line":104,"column":2},"end":{"line":105,"column":41}},{"start":{},"end":{}}],"line":104},"14":{"loc":{"start":{"line":106,"column":2},"end":{"line":107,"column":42}},"type":"if","locations":[{"start":{"line":106,"column":2},"end":{"line":107,"column":42}},{"start":{},"end":{}}],"line":106},"15":{"loc":{"start":{"line":108,"column":2},"end":{"line":109,"column":44}},"type":"if","locations":[{"start":{"line":108,"column":2},"end":{"line":109,"column":44}},{"start":{},"end":{}}],"line":108}},"s":{"0":1,"1":1,"2":1,"3":0,"4":1,"5":0,"6":0,"7":0,"8":0,"9":0,"10":0,"11":8,"12":8,"13":1,"14":7,"15":1,"16":6,"17":1,"18":5,"19":1,"20":4,"21":2,"22":2,"23":0,"24":2,"25":0,"26":2,"27":0,"28":2,"29":2,"30":0,"31":0,"32":2,"33":0,"34":0,"35":2,"36":2,"37":8,"38":8,"39":1,"40":7,"41":1,"42":6,"43":1,"44":5,"45":1,"46":4,"47":1,"48":3,"49":1,"50":2,"51":1,"52":1,"53":0,"54":1,"55":0,"56":1,"57":0,"58":0,"59":0,"60":0,"61":0,"62":0,"63":1},"f":{"0":1,"1":1,"2":0,"3":0,"4":0,"5":0,"6":0,"7":8,"8":2,"9":0,"10":0,"11":8,"12":0,"13":0,"14":0,"15":0,"16":0},"b":{"0":[1,7],"1":[1,6],"2":[1,5],"3":[1,4],"4":[2,2],"5":[0,2],"6":[0,2],"7":[0,2],"8":[1,7],"9":[1,6],"10":[1,5],"11":[1,4],"12":[1,3],"13":[1,2],"14":[1,1],"15":[0,1]},"_coverageSchema":"1a1c01bbd47fc00a2c39e90264f33305004495a9","hash":"59f7f04a4397a2d674815d57047e7ecf9c7e3e3f"}
,"C:\\Users\\edoar\\code\\HikeTracker\\server\\DAO\\UserDAO.js": {"path":"C:\\Users\\edoar\\code\\HikeTracker\\server\\DAO\\UserDAO.js","statementMap":{"0":{"start":{"line":1,"column":15},"end":{"line":1,"column":32}},"1":{"start":{"line":3,"column":18},"end":{"line":3,"column":59}},"2":{"start":{"line":4,"column":18},"end":{"line":4,"column":50}},"3":{"start":{"line":6,"column":18},"end":{"line":6,"column":41}},"4":{"start":{"line":7,"column":11},"end":{"line":7,"column":28}},"5":{"start":{"line":12,"column":1},"end":{"line":20,"column":4}},"6":{"start":{"line":13,"column":12},"end":{"line":13,"column":79}},"7":{"start":{"line":15,"column":2},"end":{"line":19,"column":5}},"8":{"start":{"line":16,"column":3},"end":{"line":18,"column":30}},"9":{"start":{"line":16,"column":12},"end":{"line":16,"column":24}},"10":{"start":{"line":17,"column":8},"end":{"line":18,"column":30}},"11":{"start":{"line":17,"column":24},"end":{"line":17,"column":38}},"12":{"start":{"line":18,"column":8},"end":{"line":18,"column":30}},"13":{"start":{"line":24,"column":1},"end":{"line":35,"column":4}},"14":{"start":{"line":25,"column":13},"end":{"line":25,"column":35}},"15":{"start":{"line":26,"column":2},"end":{"line":34,"column":5}},"16":{"start":{"line":27,"column":3},"end":{"line":33,"column":4}},"17":{"start":{"line":27,"column":12},"end":{"line":27,"column":24}},"18":{"start":{"line":29,"column":4},"end":{"line":32,"column":7}},"19":{"start":{"line":38,"column":0},"end":{"line":53,"column":2}},"20":{"start":{"line":39,"column":1},"end":{"line":52,"column":4}},"21":{"start":{"line":41,"column":14},"end":{"line":41,"column":49}},"22":{"start":{"line":42,"column":2},"end":{"line":51,"column":5}},"23":{"start":{"line":43,"column":3},"end":{"line":50,"column":4}},"24":{"start":{"line":44,"column":4},"end":{"line":44,"column":16}},"25":{"start":{"line":45,"column":8},"end":{"line":50,"column":4}},"26":{"start":{"line":46,"column":4},"end":{"line":46,"column":41}},"27":{"start":{"line":48,"column":17},"end":{"line":48,"column":123}},"28":{"start":{"line":49,"column":4},"end":{"line":49,"column":18}},"29":{"start":{"line":55,"column":0},"end":{"line":75,"column":2}},"30":{"start":{"line":56,"column":1},"end":{"line":74,"column":4}},"31":{"start":{"line":57,"column":14},"end":{"line":57,"column":50}},"32":{"start":{"line":58,"column":2},"end":{"line":73,"column":5}},"33":{"start":{"line":59,"column":3},"end":{"line":72,"column":4}},"34":{"start":{"line":59,"column":14},"end":{"line":59,"column":26}},"35":{"start":{"line":60,"column":8},"end":{"line":72,"column":4}},"36":{"start":{"line":60,"column":33},"end":{"line":60,"column":48}},"37":{"start":{"line":63,"column":17},"end":{"line":63,"column":141}},"38":{"start":{"line":64,"column":17},"end":{"line":64,"column":41}},"39":{"start":{"line":65,"column":4},"end":{"line":71,"column":7}},"40":{"start":{"line":66,"column":5},"end":{"line":66,"column":26}},"41":{"start":{"line":66,"column":14},"end":{"line":66,"column":26}},"42":{"start":{"line":67,"column":25},"end":{"line":67,"column":63}},"43":{"start":{"line":68,"column":5},"end":{"line":70,"column":24}},"44":{"start":{"line":69,"column":6},"end":{"line":69,"column":21}},"45":{"start":{"line":70,"column":10},"end":{"line":70,"column":24}},"46":{"start":{"line":78,"column":1},"end":{"line":93,"column":4}},"47":{"start":{"line":79,"column":12},"end":{"line":79,"column":121}},"48":{"start":{"line":82,"column":2},"end":{"line":92,"column":4}},"49":{"start":{"line":83,"column":3},"end":{"line":91,"column":4}},"50":{"start":{"line":84,"column":4},"end":{"line":84,"column":29}},"51":{"start":{"line":85,"column":4},"end":{"line":85,"column":16}},"52":{"start":{"line":88,"column":18},"end":{"line":88,"column":148}},"53":{"start":{"line":89,"column":4},"end":{"line":89,"column":37}},"54":{"start":{"line":90,"column":4},"end":{"line":90,"column":21}},"55":{"start":{"line":107,"column":0},"end":{"line":126,"column":1}},"56":{"start":{"line":109,"column":1},"end":{"line":110,"column":30}},"57":{"start":{"line":110,"column":18},"end":{"line":110,"column":27}},"58":{"start":{"line":113,"column":1},"end":{"line":115,"column":30}},"59":{"start":{"line":114,"column":13},"end":{"line":114,"column":21}},"60":{"start":{"line":115,"column":18},"end":{"line":115,"column":27}},"61":{"start":{"line":117,"column":1},"end":{"line":117,"column":18}},"62":{"start":{"line":120,"column":1},"end":{"line":122,"column":30}},"63":{"start":{"line":121,"column":13},"end":{"line":121,"column":26}},"64":{"start":{"line":122,"column":18},"end":{"line":122,"column":27}},"65":{"start":{"line":124,"column":1},"end":{"line":124,"column":23}},"66":{"start":{"line":125,"column":1},"end":{"line":125,"column":17}}},"fnMap":{"0":{"name":"CheckExistingUser","decl":{"start":{"line":11,"column":9},"end":{"line":11,"column":26}},"loc":{"start":{"line":11,"column":47},"end":{"line":21,"column":1}},"line":11},"1":{"name":"(anonymous_1)","decl":{"start":{"line":12,"column":20},"end":{"line":12,"column":21}},"loc":{"start":{"line":12,"column":41},"end":{"line":20,"column":2}},"line":12},"2":{"name":"(anonymous_2)","decl":{"start":{"line":15,"column":36},"end":{"line":15,"column":37}},"loc":{"start":{"line":15,"column":50},"end":{"line":19,"column":3}},"line":15},"3":{"name":"EncryptPassword","decl":{"start":{"line":23,"column":9},"end":{"line":23,"column":24}},"loc":{"start":{"line":23,"column":35},"end":{"line":36,"column":1}},"line":23},"4":{"name":"(anonymous_4)","decl":{"start":{"line":24,"column":20},"end":{"line":24,"column":21}},"loc":{"start":{"line":24,"column":41},"end":{"line":35,"column":2}},"line":24},"5":{"name":"(anonymous_5)","decl":{"start":{"line":26,"column":68},"end":{"line":26,"column":69}},"loc":{"start":{"line":26,"column":93},"end":{"line":34,"column":3}},"line":26},"6":{"name":"(anonymous_6)","decl":{"start":{"line":38,"column":22},"end":{"line":38,"column":23}},"loc":{"start":{"line":38,"column":30},"end":{"line":53,"column":1}},"line":38},"7":{"name":"(anonymous_7)","decl":{"start":{"line":39,"column":20},"end":{"line":39,"column":21}},"loc":{"start":{"line":39,"column":41},"end":{"line":52,"column":2}},"line":39},"8":{"name":"(anonymous_8)","decl":{"start":{"line":42,"column":20},"end":{"line":42,"column":21}},"loc":{"start":{"line":42,"column":34},"end":{"line":51,"column":3}},"line":42},"9":{"name":"(anonymous_9)","decl":{"start":{"line":55,"column":18},"end":{"line":55,"column":19}},"loc":{"start":{"line":55,"column":39},"end":{"line":75,"column":1}},"line":55},"10":{"name":"(anonymous_10)","decl":{"start":{"line":56,"column":20},"end":{"line":56,"column":21}},"loc":{"start":{"line":56,"column":41},"end":{"line":74,"column":2}},"line":56},"11":{"name":"(anonymous_11)","decl":{"start":{"line":58,"column":23},"end":{"line":58,"column":24}},"loc":{"start":{"line":58,"column":37},"end":{"line":73,"column":3}},"line":58},"12":{"name":"(anonymous_12)","decl":{"start":{"line":65,"column":70},"end":{"line":65,"column":71}},"loc":{"start":{"line":65,"column":95},"end":{"line":71,"column":5}},"line":65},"13":{"name":"StoreUser","decl":{"start":{"line":77,"column":9},"end":{"line":77,"column":18}},"loc":{"start":{"line":77,"column":41},"end":{"line":94,"column":1}},"line":77},"14":{"name":"(anonymous_14)","decl":{"start":{"line":78,"column":20},"end":{"line":78,"column":21}},"loc":{"start":{"line":78,"column":41},"end":{"line":93,"column":2}},"line":78},"15":{"name":"(anonymous_15)","decl":{"start":{"line":82,"column":98},"end":{"line":82,"column":99}},"loc":{"start":{"line":82,"column":113},"end":{"line":92,"column":3}},"line":82},"16":{"name":"(anonymous_16)","decl":{"start":{"line":107,"column":19},"end":{"line":107,"column":20}},"loc":{"start":{"line":107,"column":35},"end":{"line":126,"column":1}},"line":107},"17":{"name":"(anonymous_17)","decl":{"start":{"line":110,"column":9},"end":{"line":110,"column":10}},"loc":{"start":{"line":110,"column":16},"end":{"line":110,"column":29}},"line":110},"18":{"name":"(anonymous_18)","decl":{"start":{"line":114,"column":8},"end":{"line":114,"column":9}},"loc":{"start":{"line":114,"column":13},"end":{"line":114,"column":21}},"line":114},"19":{"name":"(anonymous_19)","decl":{"start":{"line":115,"column":9},"end":{"line":115,"column":10}},"loc":{"start":{"line":115,"column":16},"end":{"line":115,"column":29}},"line":115},"20":{"name":"(anonymous_20)","decl":{"start":{"line":121,"column":8},"end":{"line":121,"column":9}},"loc":{"start":{"line":121,"column":13},"end":{"line":121,"column":26}},"line":121},"21":{"name":"(anonymous_21)","decl":{"start":{"line":122,"column":9},"end":{"line":122,"column":10}},"loc":{"start":{"line":122,"column":16},"end":{"line":122,"column":29}},"line":122}},"branchMap":{"0":{"loc":{"start":{"line":16,"column":3},"end":{"line":18,"column":30}},"type":"if","locations":[{"start":{"line":16,"column":3},"end":{"line":18,"column":30}},{"start":{"line":17,"column":8},"end":{"line":18,"column":30}}],"line":16},"1":{"loc":{"start":{"line":17,"column":8},"end":{"line":18,"column":30}},"type":"if","locations":[{"start":{"line":17,"column":8},"end":{"line":18,"column":30}},{"start":{"line":18,"column":8},"end":{"line":18,"column":30}}],"line":17},"2":{"loc":{"start":{"line":27,"column":3},"end":{"line":33,"column":4}},"type":"if","locations":[{"start":{"line":27,"column":3},"end":{"line":33,"column":4}},{"start":{"line":28,"column":8},"end":{"line":33,"column":4}}],"line":27},"3":{"loc":{"start":{"line":43,"column":3},"end":{"line":50,"column":4}},"type":"if","locations":[{"start":{"line":43,"column":3},"end":{"line":50,"column":4}},{"start":{"line":45,"column":8},"end":{"line":50,"column":4}}],"line":43},"4":{"loc":{"start":{"line":45,"column":8},"end":{"line":50,"column":4}},"type":"if","locations":[{"start":{"line":45,"column":8},"end":{"line":50,"column":4}},{"start":{"line":47,"column":8},"end":{"line":50,"column":4}}],"line":45},"5":{"loc":{"start":{"line":59,"column":3},"end":{"line":72,"column":4}},"type":"if","locations":[{"start":{"line":59,"column":3},"end":{"line":72,"column":4}},{"start":{"line":60,"column":8},"end":{"line":72,"column":4}}],"line":59},"6":{"loc":{"start":{"line":60,"column":8},"end":{"line":72,"column":4}},"type":"if","locations":[{"start":{"line":60,"column":8},"end":{"line":72,"column":4}},{"start":{"line":61,"column":8},"end":{"line":72,"column":4}}],"line":60},"7":{"loc":{"start":{"line":66,"column":5},"end":{"line":66,"column":26}},"type":"if","locations":[{"start":{"line":66,"column":5},"end":{"line":66,"column":26}},{"start":{},"end":{}}],"line":66},"8":{"loc":{"start":{"line":68,"column":5},"end":{"line":70,"column":24}},"type":"if","locations":[{"start":{"line":68,"column":5},"end":{"line":70,"column":24}},{"start":{"line":70,"column":10},"end":{"line":70,"column":24}}],"line":68},"9":{"loc":{"start":{"line":83,"column":3},"end":{"line":91,"column":4}},"type":"if","locations":[{"start":{"line":83,"column":3},"end":{"line":91,"column":4}},{"start":{"line":87,"column":8},"end":{"line":91,"column":4}}],"line":83}},"s":{"0":1,"1":1,"2":1,"3":1,"4":1,"5":2,"6":2,"7":2,"8":2,"9":0,"10":2,"11":2,"12":0,"13":2,"14":2,"15":2,"16":1,"17":0,"18":1,"19":1,"20":0,"21":0,"22":0,"23":0,"24":0,"25":0,"26":0,"27":0,"28":0,"29":1,"30":0,"31":0,"32":0,"33":0,"34":0,"35":0,"36":0,"37":0,"38":0,"39":0,"40":0,"41":0,"42":0,"43":0,"44":0,"45":0,"46":1,"47":1,"48":1,"49":1,"50":0,"51":0,"52":1,"53":1,"54":1,"55":1,"56":2,"57":0,"58":2,"59":1,"60":1,"61":1,"62":1,"63":1,"64":0,"65":1,"66":1},"f":{"0":2,"1":2,"2":2,"3":2,"4":2,"5":1,"6":0,"7":0,"8":0,"9":0,"10":0,"11":0,"12":0,"13":1,"14":1,"15":1,"16":2,"17":0,"18":1,"19":1,"20":1,"21":0},"b":{"0":[0,2],"1":[2,0],"2":[0,1],"3":[0,0],"4":[0,0],"5":[0,0],"6":[0,0],"7":[0,0],"8":[0,0],"9":[0,1]},"_coverageSchema":"1a1c01bbd47fc00a2c39e90264f33305004495a9","hash":"45e4937f1c13d78ad373a4712bdb276fec3cec68"}
,"C:\\Users\\edoar\\code\\HikeTracker\\server\\DAO\\pointsDAO.js": {"path":"C:\\Users\\edoar\\code\\HikeTracker\\server\\DAO\\pointsDAO.js","statementMap":{"0":{"start":{"line":1,"column":18},"end":{"line":1,"column":59}},"1":{"start":{"line":2,"column":18},"end":{"line":2,"column":50}},"2":{"start":{"line":4,"column":18},"end":{"line":4,"column":41}},"3":{"start":{"line":5,"column":11},"end":{"line":5,"column":28}},"4":{"start":{"line":10,"column":0},"end":{"line":27,"column":1}},"5":{"start":{"line":11,"column":4},"end":{"line":26,"column":7}},"6":{"start":{"line":12,"column":20},"end":{"line":12,"column":59}},"7":{"start":{"line":13,"column":23},"end":{"line":13,"column":32}},"8":{"start":{"line":14,"column":8},"end":{"line":25,"column":10}},"9":{"start":{"line":15,"column":12},"end":{"line":18,"column":13}},"10":{"start":{"line":16,"column":16},"end":{"line":16,"column":28}},"11":{"start":{"line":17,"column":16},"end":{"line":17,"column":23}},"12":{"start":{"line":20,"column":26},"end":{"line":23,"column":13}},"13":{"start":{"line":24,"column":12},"end":{"line":24,"column":27}},"14":{"start":{"line":29,"column":0},"end":{"line":51,"column":1}},"15":{"start":{"line":30,"column":4},"end":{"line":50,"column":7}},"16":{"start":{"line":31,"column":20},"end":{"line":31,"column":129}},"17":{"start":{"line":32,"column":23},"end":{"line":32,"column":31}},"18":{"start":{"line":34,"column":8},"end":{"line":49,"column":10}},"19":{"start":{"line":35,"column":12},"end":{"line":38,"column":13}},"20":{"start":{"line":36,"column":16},"end":{"line":36,"column":28}},"21":{"start":{"line":37,"column":16},"end":{"line":37,"column":23}},"22":{"start":{"line":39,"column":27},"end":{"line":47,"column":13}},"23":{"start":{"line":42,"column":16},"end":{"line":45,"column":17}},"24":{"start":{"line":48,"column":12},"end":{"line":48,"column":28}},"25":{"start":{"line":54,"column":0},"end":{"line":68,"column":1}},"26":{"start":{"line":55,"column":4},"end":{"line":67,"column":7}},"27":{"start":{"line":58,"column":20},"end":{"line":58,"column":134}},"28":{"start":{"line":59,"column":8},"end":{"line":66,"column":10}},"29":{"start":{"line":62,"column":12},"end":{"line":64,"column":13}},"30":{"start":{"line":63,"column":16},"end":{"line":63,"column":28}},"31":{"start":{"line":65,"column":12},"end":{"line":65,"column":33}},"32":{"start":{"line":70,"column":0},"end":{"line":80,"column":1}},"33":{"start":{"line":71,"column":4},"end":{"line":79,"column":6}},"34":{"start":{"line":72,"column":20},"end":{"line":72,"column":57}},"35":{"start":{"line":73,"column":8},"end":{"line":78,"column":10}},"36":{"start":{"line":74,"column":12},"end":{"line":76,"column":13}},"37":{"start":{"line":75,"column":16},"end":{"line":75,"column":28}},"38":{"start":{"line":77,"column":12},"end":{"line":77,"column":22}},"39":{"start":{"line":82,"column":0},"end":{"line":103,"column":1}},"40":{"start":{"line":83,"column":4},"end":{"line":102,"column":6}},"41":{"start":{"line":84,"column":20},"end":{"line":84,"column":76}},"42":{"start":{"line":85,"column":8},"end":{"line":101,"column":10}},"43":{"start":{"line":86,"column":12},"end":{"line":88,"column":13}},"44":{"start":{"line":87,"column":16},"end":{"line":87,"column":28}},"45":{"start":{"line":90,"column":23},"end":{"line":99,"column":13}},"46":{"start":{"line":93,"column":16},"end":{"line":97,"column":17}},"47":{"start":{"line":100,"column":12},"end":{"line":100,"column":26}},"48":{"start":{"line":105,"column":0},"end":{"line":116,"column":1}},"49":{"start":{"line":106,"column":4},"end":{"line":115,"column":7}},"50":{"start":{"line":108,"column":20},"end":{"line":108,"column":82}},"51":{"start":{"line":109,"column":8},"end":{"line":114,"column":10}},"52":{"start":{"line":110,"column":12},"end":{"line":112,"column":13}},"53":{"start":{"line":111,"column":16},"end":{"line":111,"column":28}},"54":{"start":{"line":113,"column":12},"end":{"line":113,"column":22}},"55":{"start":{"line":118,"column":0},"end":{"line":128,"column":1}},"56":{"start":{"line":119,"column":4},"end":{"line":127,"column":6}},"57":{"start":{"line":120,"column":20},"end":{"line":120,"column":135}},"58":{"start":{"line":121,"column":8},"end":{"line":126,"column":10}},"59":{"start":{"line":122,"column":12},"end":{"line":124,"column":13}},"60":{"start":{"line":123,"column":16},"end":{"line":123,"column":28}},"61":{"start":{"line":125,"column":12},"end":{"line":125,"column":22}},"62":{"start":{"line":130,"column":0},"end":{"line":140,"column":1}},"63":{"start":{"line":131,"column":4},"end":{"line":139,"column":6}},"64":{"start":{"line":132,"column":20},"end":{"line":132,"column":81}},"65":{"start":{"line":133,"column":8},"end":{"line":138,"column":10}},"66":{"start":{"line":134,"column":12},"end":{"line":136,"column":13}},"67":{"start":{"line":135,"column":16},"end":{"line":135,"column":28}},"68":{"start":{"line":137,"column":12},"end":{"line":137,"column":22}},"69":{"start":{"line":142,"column":0},"end":{"line":152,"column":1}},"70":{"start":{"line":143,"column":4},"end":{"line":151,"column":6}},"71":{"start":{"line":144,"column":20},"end":{"line":144,"column":53}},"72":{"start":{"line":145,"column":8},"end":{"line":150,"column":10}},"73":{"start":{"line":146,"column":12},"end":{"line":148,"column":13}},"74":{"start":{"line":147,"column":16},"end":{"line":147,"column":28}},"75":{"start":{"line":149,"column":12},"end":{"line":149,"column":22}}},"fnMap":{"0":{"name":"(anonymous_0)","decl":{"start":{"line":10,"column":19},"end":{"line":10,"column":20}},"loc":{"start":{"line":10,"column":32},"end":{"line":27,"column":1}},"line":10},"1":{"name":"(anonymous_1)","decl":{"start":{"line":11,"column":23},"end":{"line":11,"column":24}},"loc":{"start":{"line":11,"column":44},"end":{"line":26,"column":5}},"line":11},"2":{"name":"(anonymous_2)","decl":{"start":{"line":14,"column":28},"end":{"line":14,"column":29}},"loc":{"start":{"line":14,"column":42},"end":{"line":25,"column":9}},"line":14},"3":{"name":"(anonymous_3)","decl":{"start":{"line":29,"column":24},"end":{"line":29,"column":25}},"loc":{"start":{"line":29,"column":36},"end":{"line":51,"column":1}},"line":29},"4":{"name":"(anonymous_4)","decl":{"start":{"line":30,"column":23},"end":{"line":30,"column":24}},"loc":{"start":{"line":30,"column":44},"end":{"line":50,"column":5}},"line":30},"5":{"name":"(anonymous_5)","decl":{"start":{"line":34,"column":28},"end":{"line":34,"column":29}},"loc":{"start":{"line":34,"column":43},"end":{"line":49,"column":9}},"line":34},"6":{"name":"(anonymous_6)","decl":{"start":{"line":39,"column":36},"end":{"line":39,"column":37}},"loc":{"start":{"line":41,"column":12},"end":{"line":46,"column":13}},"line":41},"7":{"name":"(anonymous_7)","decl":{"start":{"line":54,"column":22},"end":{"line":54,"column":23}},"loc":{"start":{"line":54,"column":33},"end":{"line":68,"column":1}},"line":54},"8":{"name":"(anonymous_8)","decl":{"start":{"line":55,"column":23},"end":{"line":55,"column":24}},"loc":{"start":{"line":55,"column":44},"end":{"line":67,"column":5}},"line":55},"9":{"name":"(anonymous_9)","decl":{"start":{"line":59,"column":130},"end":{"line":59,"column":131}},"loc":{"start":{"line":59,"column":150},"end":{"line":66,"column":9}},"line":59},"10":{"name":"(anonymous_10)","decl":{"start":{"line":70,"column":22},"end":{"line":70,"column":23}},"loc":{"start":{"line":70,"column":35},"end":{"line":80,"column":1}},"line":70},"11":{"name":"(anonymous_11)","decl":{"start":{"line":71,"column":23},"end":{"line":71,"column":24}},"loc":{"start":{"line":71,"column":44},"end":{"line":79,"column":5}},"line":71},"12":{"name":"(anonymous_12)","decl":{"start":{"line":73,"column":31},"end":{"line":73,"column":32}},"loc":{"start":{"line":73,"column":51},"end":{"line":78,"column":9}},"line":73},"13":{"name":"(anonymous_13)","decl":{"start":{"line":82,"column":18},"end":{"line":82,"column":19}},"loc":{"start":{"line":82,"column":24},"end":{"line":103,"column":1}},"line":82},"14":{"name":"(anonymous_14)","decl":{"start":{"line":83,"column":23},"end":{"line":83,"column":24}},"loc":{"start":{"line":83,"column":44},"end":{"line":102,"column":5}},"line":83},"15":{"name":"(anonymous_15)","decl":{"start":{"line":85,"column":20},"end":{"line":85,"column":21}},"loc":{"start":{"line":85,"column":35},"end":{"line":101,"column":9}},"line":85},"16":{"name":"(anonymous_16)","decl":{"start":{"line":90,"column":32},"end":{"line":90,"column":33}},"loc":{"start":{"line":92,"column":12},"end":{"line":98,"column":13}},"line":92},"17":{"name":"(anonymous_17)","decl":{"start":{"line":105,"column":20},"end":{"line":105,"column":21}},"loc":{"start":{"line":105,"column":29},"end":{"line":116,"column":1}},"line":105},"18":{"name":"(anonymous_18)","decl":{"start":{"line":106,"column":23},"end":{"line":106,"column":24}},"loc":{"start":{"line":106,"column":44},"end":{"line":115,"column":5}},"line":106},"19":{"name":"(anonymous_19)","decl":{"start":{"line":109,"column":65},"end":{"line":109,"column":66}},"loc":{"start":{"line":109,"column":85},"end":{"line":114,"column":9}},"line":109},"20":{"name":"(anonymous_20)","decl":{"start":{"line":118,"column":22},"end":{"line":118,"column":23}},"loc":{"start":{"line":118,"column":33},"end":{"line":128,"column":1}},"line":118},"21":{"name":"(anonymous_21)","decl":{"start":{"line":119,"column":23},"end":{"line":119,"column":24}},"loc":{"start":{"line":119,"column":44},"end":{"line":127,"column":5}},"line":119},"22":{"name":"(anonymous_22)","decl":{"start":{"line":121,"column":133},"end":{"line":121,"column":134}},"loc":{"start":{"line":121,"column":153},"end":{"line":126,"column":9}},"line":121},"23":{"name":"(anonymous_23)","decl":{"start":{"line":130,"column":20},"end":{"line":130,"column":21}},"loc":{"start":{"line":130,"column":29},"end":{"line":140,"column":1}},"line":130},"24":{"name":"(anonymous_24)","decl":{"start":{"line":131,"column":23},"end":{"line":131,"column":24}},"loc":{"start":{"line":131,"column":44},"end":{"line":139,"column":5}},"line":131},"25":{"name":"(anonymous_25)","decl":{"start":{"line":133,"column":65},"end":{"line":133,"column":66}},"loc":{"start":{"line":133,"column":85},"end":{"line":138,"column":9}},"line":133},"26":{"name":"(anonymous_26)","decl":{"start":{"line":142,"column":20},"end":{"line":142,"column":21}},"loc":{"start":{"line":142,"column":33},"end":{"line":152,"column":1}},"line":142},"27":{"name":"(anonymous_27)","decl":{"start":{"line":143,"column":23},"end":{"line":143,"column":24}},"loc":{"start":{"line":143,"column":44},"end":{"line":151,"column":5}},"line":143},"28":{"name":"(anonymous_28)","decl":{"start":{"line":145,"column":31},"end":{"line":145,"column":32}},"loc":{"start":{"line":145,"column":51},"end":{"line":150,"column":9}},"line":145}},"branchMap":{"0":{"loc":{"start":{"line":15,"column":12},"end":{"line":18,"column":13}},"type":"if","locations":[{"start":{"line":15,"column":12},"end":{"line":18,"column":13}},{"start":{},"end":{}}],"line":15},"1":{"loc":{"start":{"line":35,"column":12},"end":{"line":38,"column":13}},"type":"if","locations":[{"start":{"line":35,"column":12},"end":{"line":38,"column":13}},{"start":{},"end":{}}],"line":35},"2":{"loc":{"start":{"line":62,"column":12},"end":{"line":64,"column":13}},"type":"if","locations":[{"start":{"line":62,"column":12},"end":{"line":64,"column":13}},{"start":{},"end":{}}],"line":62},"3":{"loc":{"start":{"line":74,"column":12},"end":{"line":76,"column":13}},"type":"if","locations":[{"start":{"line":74,"column":12},"end":{"line":76,"column":13}},{"start":{},"end":{}}],"line":74},"4":{"loc":{"start":{"line":86,"column":12},"end":{"line":88,"column":13}},"type":"if","locations":[{"start":{"line":86,"column":12},"end":{"line":88,"column":13}},{"start":{},"end":{}}],"line":86},"5":{"loc":{"start":{"line":110,"column":12},"end":{"line":112,"column":13}},"type":"if","locations":[{"start":{"line":110,"column":12},"end":{"line":112,"column":13}},{"start":{},"end":{}}],"line":110},"6":{"loc":{"start":{"line":122,"column":12},"end":{"line":124,"column":13}},"type":"if","locations":[{"start":{"line":122,"column":12},"end":{"line":124,"column":13}},{"start":{},"end":{}}],"line":122},"7":{"loc":{"start":{"line":134,"column":12},"end":{"line":136,"column":13}},"type":"if","locations":[{"start":{"line":134,"column":12},"end":{"line":136,"column":13}},{"start":{},"end":{}}],"line":134},"8":{"loc":{"start":{"line":146,"column":12},"end":{"line":148,"column":13}},"type":"if","locations":[{"start":{"line":146,"column":12},"end":{"line":148,"column":13}},{"start":{},"end":{}}],"line":146}},"s":{"0":1,"1":1,"2":1,"3":1,"4":1,"5":0,"6":0,"7":0,"8":0,"9":0,"10":0,"11":0,"12":0,"13":0,"14":1,"15":0,"16":0,"17":0,"18":0,"19":0,"20":0,"21":0,"22":0,"23":0,"24":0,"25":1,"26":2,"27":2,"28":2,"29":2,"30":0,"31":2,"32":1,"33":0,"34":0,"35":0,"36":0,"37":0,"38":0,"39":1,"40":1,"41":1,"42":1,"43":1,"44":0,"45":1,"46":2,"47":1,"48":1,"49":2,"50":2,"51":2,"52":2,"53":0,"54":2,"55":1,"56":1,"57":1,"58":1,"59":1,"60":0,"61":1,"62":1,"63":1,"64":1,"65":1,"66":1,"67":0,"68":1,"69":1,"70":0,"71":0,"72":0,"73":0,"74":0,"75":0},"f":{"0":0,"1":0,"2":0,"3":0,"4":0,"5":0,"6":0,"7":2,"8":2,"9":2,"10":0,"11":0,"12":0,"13":1,"14":1,"15":1,"16":2,"17":2,"18":2,"19":2,"20":1,"21":1,"22":1,"23":1,"24":1,"25":1,"26":0,"27":0,"28":0},"b":{"0":[0,0],"1":[0,0],"2":[0,2],"3":[0,0],"4":[0,1],"5":[0,2],"6":[0,1],"7":[0,1],"8":[0,0]},"_coverageSchema":"1a1c01bbd47fc00a2c39e90264f33305004495a9","hash":"9f775ba34659b8548aa392e76414a657f0c8367e"}
,"C:\\Users\\edoar\\code\\HikeTracker\\server\\database\\DBManager.js": {"path":"C:\\Users\\edoar\\code\\HikeTracker\\server\\database\\DBManager.js","statementMap":{"0":{"start":{"line":1,"column":15},"end":{"line":1,"column":33}},"1":{"start":{"line":2,"column":15},"end":{"line":2,"column":32}},"2":{"start":{"line":9,"column":8},"end":{"line":15,"column":11}},"3":{"start":{"line":10,"column":12},"end":{"line":13,"column":13}},"4":{"start":{"line":11,"column":16},"end":{"line":11,"column":54}},"5":{"start":{"line":12,"column":16},"end":{"line":12,"column":26}},"6":{"start":{"line":19,"column":8},"end":{"line":19,"column":23}},"7":{"start":{"line":23,"column":17},"end":{"line":23,"column":25}},"8":{"start":{"line":24,"column":8},"end":{"line":36,"column":10}},"9":{"start":{"line":25,"column":12},"end":{"line":25,"column":49}},"10":{"start":{"line":26,"column":12},"end":{"line":26,"column":50}},"11":{"start":{"line":27,"column":12},"end":{"line":27,"column":48}},"12":{"start":{"line":28,"column":12},"end":{"line":28,"column":55}},"13":{"start":{"line":29,"column":12},"end":{"line":29,"column":63}},"14":{"start":{"line":30,"column":12},"end":{"line":30,"column":49}},"15":{"start":{"line":31,"column":12},"end":{"line":31,"column":54}},"16":{"start":{"line":32,"column":12},"end":{"line":32,"column":60}},"17":{"start":{"line":33,"column":12},"end":{"line":33,"column":54}},"18":{"start":{"line":34,"column":12},"end":{"line":34,"column":22}},"19":{"start":{"line":40,"column":17},"end":{"line":40,"column":25}},"20":{"start":{"line":41,"column":8},"end":{"line":44,"column":10}},"21":{"start":{"line":42,"column":12},"end":{"line":42,"column":50}},"22":{"start":{"line":43,"column":12},"end":{"line":43,"column":22}},"23":{"start":{"line":48,"column":17},"end":{"line":48,"column":25}},"24":{"start":{"line":49,"column":8},"end":{"line":57,"column":10}},"25":{"start":{"line":50,"column":12},"end":{"line":54,"column":100}},"26":{"start":{"line":55,"column":12},"end":{"line":55,"column":31}},"27":{"start":{"line":56,"column":12},"end":{"line":56,"column":22}},"28":{"start":{"line":61,"column":17},"end":{"line":61,"column":25}},"29":{"start":{"line":62,"column":18},"end":{"line":62,"column":138}},"30":{"start":{"line":64,"column":8},"end":{"line":85,"column":40}},"31":{"start":{"line":65,"column":12},"end":{"line":77,"column":14}},"32":{"start":{"line":66,"column":27},"end":{"line":66,"column":49}},"33":{"start":{"line":68,"column":16},"end":{"line":76,"column":19}},"34":{"start":{"line":69,"column":20},"end":{"line":75,"column":21}},"35":{"start":{"line":69,"column":29},"end":{"line":69,"column":41}},"36":{"start":{"line":71,"column":24},"end":{"line":71,"column":60}},"37":{"start":{"line":72,"column":24},"end":{"line":72,"column":62}},"38":{"start":{"line":74,"column":24},"end":{"line":74,"column":38}},"39":{"start":{"line":78,"column":23},"end":{"line":85,"column":10}},"40":{"start":{"line":79,"column":12},"end":{"line":84,"column":13}},"41":{"start":{"line":80,"column":16},"end":{"line":83,"column":18}},"42":{"start":{"line":81,"column":20},"end":{"line":82,"column":35}},"43":{"start":{"line":81,"column":29},"end":{"line":81,"column":41}},"44":{"start":{"line":82,"column":25},"end":{"line":82,"column":35}},"45":{"start":{"line":85,"column":27},"end":{"line":85,"column":36}},"46":{"start":{"line":89,"column":0},"end":{"line":89,"column":26}}},"fnMap":{"0":{"name":"(anonymous_0)","decl":{"start":{"line":7,"column":4},"end":{"line":7,"column":5}},"loc":{"start":{"line":7,"column":24},"end":{"line":16,"column":5}},"line":7},"1":{"name":"(anonymous_1)","decl":{"start":{"line":9,"column":83},"end":{"line":9,"column":84}},"loc":{"start":{"line":9,"column":92},"end":{"line":15,"column":9}},"line":9},"2":{"name":"(anonymous_2)","decl":{"start":{"line":18,"column":4},"end":{"line":18,"column":5}},"loc":{"start":{"line":18,"column":12},"end":{"line":20,"column":5}},"line":18},"3":{"name":"(anonymous_3)","decl":{"start":{"line":22,"column":4},"end":{"line":22,"column":5}},"loc":{"start":{"line":22,"column":20},"end":{"line":37,"column":5}},"line":22},"4":{"name":"(anonymous_4)","decl":{"start":{"line":24,"column":27},"end":{"line":24,"column":28}},"loc":{"start":{"line":24,"column":54},"end":{"line":36,"column":9}},"line":24},"5":{"name":"(anonymous_5)","decl":{"start":{"line":39,"column":4},"end":{"line":39,"column":5}},"loc":{"start":{"line":39,"column":27},"end":{"line":45,"column":5}},"line":39},"6":{"name":"(anonymous_6)","decl":{"start":{"line":41,"column":27},"end":{"line":41,"column":28}},"loc":{"start":{"line":41,"column":54},"end":{"line":44,"column":9}},"line":41},"7":{"name":"(anonymous_7)","decl":{"start":{"line":47,"column":4},"end":{"line":47,"column":5}},"loc":{"start":{"line":47,"column":33},"end":{"line":58,"column":5}},"line":47},"8":{"name":"(anonymous_8)","decl":{"start":{"line":49,"column":27},"end":{"line":49,"column":28}},"loc":{"start":{"line":49,"column":54},"end":{"line":57,"column":9}},"line":49},"9":{"name":"(anonymous_9)","decl":{"start":{"line":60,"column":4},"end":{"line":60,"column":5}},"loc":{"start":{"line":60,"column":30},"end":{"line":86,"column":5}},"line":60},"10":{"name":"(anonymous_10)","decl":{"start":{"line":64,"column":37},"end":{"line":64,"column":38}},"loc":{"start":{"line":65,"column":12},"end":{"line":77,"column":14}},"line":65},"11":{"name":"(anonymous_11)","decl":{"start":{"line":65,"column":24},"end":{"line":65,"column":25}},"loc":{"start":{"line":65,"column":45},"end":{"line":77,"column":13}},"line":65},"12":{"name":"(anonymous_12)","decl":{"start":{"line":68,"column":55},"end":{"line":68,"column":56}},"loc":{"start":{"line":68,"column":68},"end":{"line":76,"column":17}},"line":68},"13":{"name":"(anonymous_13)","decl":{"start":{"line":78,"column":16},"end":{"line":78,"column":17}},"loc":{"start":{"line":78,"column":23},"end":{"line":85,"column":10}},"line":78},"14":{"name":"(anonymous_14)","decl":{"start":{"line":78,"column":43},"end":{"line":78,"column":44}},"loc":{"start":{"line":79,"column":12},"end":{"line":84,"column":13}},"line":79},"15":{"name":"(anonymous_15)","decl":{"start":{"line":79,"column":24},"end":{"line":79,"column":25}},"loc":{"start":{"line":80,"column":16},"end":{"line":83,"column":18}},"line":80},"16":{"name":"(anonymous_16)","decl":{"start":{"line":80,"column":131},"end":{"line":80,"column":132}},"loc":{"start":{"line":80,"column":138},"end":{"line":83,"column":17}},"line":80},"17":{"name":"(anonymous_17)","decl":{"start":{"line":85,"column":18},"end":{"line":85,"column":19}},"loc":{"start":{"line":85,"column":25},"end":{"line":85,"column":38}},"line":85}},"branchMap":{"0":{"loc":{"start":{"line":10,"column":12},"end":{"line":13,"column":13}},"type":"if","locations":[{"start":{"line":10,"column":12},"end":{"line":13,"column":13}},{"start":{},"end":{}}],"line":10},"1":{"loc":{"start":{"line":69,"column":20},"end":{"line":75,"column":21}},"type":"if","locations":[{"start":{"line":69,"column":20},"end":{"line":75,"column":21}},{"start":{"line":70,"column":25},"end":{"line":75,"column":21}}],"line":69},"2":{"loc":{"start":{"line":81,"column":20},"end":{"line":82,"column":35}},"type":"if","locations":[{"start":{"line":81,"column":20},"end":{"line":82,"column":35}},{"start":{"line":82,"column":25},"end":{"line":82,"column":35}}],"line":81}},"s":{"0":2,"1":2,"2":2,"3":2,"4":0,"5":0,"6":3,"7":0,"8":0,"9":0,"10":0,"11":0,"12":0,"13":0,"14":0,"15":0,"16":0,"17":0,"18":0,"19":0,"20":0,"21":0,"22":0,"23":0,"24":0,"25":0,"26":0,"27":0,"28":1,"29":1,"30":1,"31":1,"32":1,"33":1,"34":1,"35":0,"36":1,"37":1,"38":1,"39":1,"40":1,"41":1,"42":1,"43":0,"44":1,"45":0,"46":2},"f":{"0":2,"1":2,"2":3,"3":0,"4":0,"5":0,"6":0,"7":0,"8":0,"9":1,"10":1,"11":1,"12":1,"13":1,"14":1,"15":1,"16":1,"17":0},"b":{"0":[0,2],"1":[0,1],"2":[0,1]},"_coverageSchema":"1a1c01bbd47fc00a2c39e90264f33305004495a9","hash":"d385aa261a60a6d9e8b5aab837de20df46ede561"}
,"C:\\Users\\edoar\\code\\HikeTracker\\server\\database\\DBManagerSingleton.js": {"path":"C:\\Users\\edoar\\code\\HikeTracker\\server\\database\\DBManagerSingleton.js","statementMap":{"0":{"start":{"line":1,"column":18},"end":{"line":1,"column":40}},"1":{"start":{"line":4,"column":23},"end":{"line":4,"column":27}},"2":{"start":{"line":5,"column":27},"end":{"line":5,"column":32}},"3":{"start":{"line":8,"column":8},"end":{"line":10,"column":9}},"4":{"start":{"line":9,"column":12},"end":{"line":9,"column":52}},"5":{"start":{"line":11,"column":8},"end":{"line":11,"column":30}},"6":{"start":{"line":15,"column":8},"end":{"line":18,"column":9}},"7":{"start":{"line":16,"column":12},"end":{"line":16,"column":52}},"8":{"start":{"line":17,"column":12},"end":{"line":17,"column":37}},"9":{"start":{"line":19,"column":8},"end":{"line":19,"column":30}},"10":{"start":{"line":24,"column":0},"end":{"line":24,"column":27}}},"fnMap":{"0":{"name":"(anonymous_0)","decl":{"start":{"line":7,"column":4},"end":{"line":7,"column":5}},"loc":{"start":{"line":7,"column":25},"end":{"line":12,"column":5}},"line":7},"1":{"name":"(anonymous_1)","decl":{"start":{"line":14,"column":4},"end":{"line":14,"column":5}},"loc":{"start":{"line":14,"column":29},"end":{"line":20,"column":5}},"line":14}},"branchMap":{"0":{"loc":{"start":{"line":8,"column":8},"end":{"line":10,"column":9}},"type":"if","locations":[{"start":{"line":8,"column":8},"end":{"line":10,"column":9}},{"start":{},"end":{}}],"line":8},"1":{"loc":{"start":{"line":15,"column":8},"end":{"line":18,"column":9}},"type":"if","locations":[{"start":{"line":15,"column":8},"end":{"line":18,"column":9}},{"start":{},"end":{}}],"line":15},"2":{"loc":{"start":{"line":15,"column":12},"end":{"line":15,"column":57}},"type":"binary-expr","locations":[{"start":{"line":15,"column":12},"end":{"line":15,"column":34}},{"start":{"line":15,"column":38},"end":{"line":15,"column":57}}],"line":15}},"s":{"0":2,"1":2,"2":2,"3":2,"4":1,"5":2,"6":1,"7":1,"8":1,"9":1,"10":2},"f":{"0":2,"1":1},"b":{"0":[1,1],"1":[1,0],"2":[1,0]},"_coverageSchema":"1a1c01bbd47fc00a2c39e90264f33305004495a9","hash":"25fac22dd25b6efaff9c82a4c1507fce0515e06a"}
}
