TN:
SF:Controller\HikeController.js
FN:4,(anonymous_0)
FN:6,(anonymous_1)
FN:10,(anonymous_2)
FN:12,(anonymous_3)
FN:16,(anonymous_4)
FN:18,(anonymous_5)
FN:22,(anonymous_6)
FN:45,(anonymous_7)
FN:52,(anonymous_8)
FN:56,(anonymous_9)
FN:57,(anonymous_10)
FN:63,(anonymous_11)
FN:66,(anonymous_12)
FN:71,(anonymous_13)
FN:74,(anonymous_14)
FN:77,(anonymous_15)
FN:84,(anonymous_16)
FN:93,(anonymous_17)
FN:102,(anonymous_18)
FN:104,(anonymous_19)
FN:107,(anonymous_20)
FN:109,(anonymous_21)
FNF:22
FNH:1
FNDA:0,(anonymous_0)
FNDA:0,(anonymous_1)
FNDA:0,(anonymous_2)
FNDA:0,(anonymous_3)
FNDA:0,(anonymous_4)
FNDA:0,(anonymous_5)
FNDA:9,(anonymous_6)
FNDA:0,(anonymous_7)
FNDA:0,(anonymous_8)
FNDA:0,(anonymous_9)
FNDA:0,(anonymous_10)
FNDA:0,(anonymous_11)
FNDA:0,(anonymous_12)
FNDA:0,(anonymous_13)
FNDA:0,(anonymous_14)
FNDA:0,(anonymous_15)
FNDA:0,(anonymous_16)
FNDA:0,(anonymous_17)
FNDA:0,(anonymous_18)
FNDA:0,(anonymous_19)
FNDA:0,(anonymous_20)
FNDA:0,(anonymous_21)
DA:1,1
DA:2,1
DA:4,1
DA:5,0
DA:6,0
DA:7,0
DA:10,1
DA:11,0
DA:12,0
DA:13,0
DA:16,1
DA:17,0
DA:18,0
DA:19,0
DA:22,1
DA:24,9
DA:27,9
DA:28,1
DA:29,8
DA:30,1
DA:31,7
DA:32,1
DA:33,6
DA:34,1
DA:35,5
DA:36,1
DA:37,4
DA:38,1
DA:39,3
DA:40,1
DA:41,2
DA:42,2
DA:45,0
DA:46,0
DA:49,0
DA:52,1
DA:55,0
DA:56,0
DA:58,0
DA:61,0
DA:64,0
DA:67,0
DA:71,1
DA:72,0
DA:75,0
DA:78,0
DA:81,0
DA:84,1
DA:85,0
DA:86,0
DA:87,0
DA:89,0
DA:93,1
DA:94,0
DA:95,0
DA:96,0
DA:98,0
DA:102,1
DA:103,0
DA:104,0
DA:107,1
DA:108,0
DA:109,0
LF:63
LH:29
BRDA:27,0,0,1
BRDA:27,0,1,8
BRDA:29,1,0,1
BRDA:29,1,1,7
BRDA:31,2,0,1
BRDA:31,2,1,6
BRDA:33,3,0,1
BRDA:33,3,1,5
BRDA:35,4,0,1
BRDA:35,4,1,4
BRDA:37,5,0,1
BRDA:37,5,1,3
BRDA:39,6,0,1
BRDA:39,6,1,2
BRDA:41,7,0,2
BRDA:41,7,1,0
BRDA:41,8,0,2
BRDA:41,8,1,1
BRF:18
BRH:17
end_of_record
TN:
SF:Controller\HutController.js
FN:5,(anonymous_0)
FN:6,(anonymous_1)
FN:13,(anonymous_2)
FN:39,(anonymous_3)
FN:40,(anonymous_4)
FN:45,(anonymous_5)
FN:62,(anonymous_6)
FN:84,(anonymous_7)
FN:87,(anonymous_8)
FN:90,(anonymous_9)
FN:92,(anonymous_10)
FN:95,(anonymous_11)
FNF:12
FNH:4
FNDA:1,(anonymous_0)
FNDA:0,(anonymous_1)
FNDA:8,(anonymous_2)
FNDA:2,(anonymous_3)
FNDA:0,(anonymous_4)
FNDA:0,(anonymous_5)
FNDA:8,(anonymous_6)
FNDA:0,(anonymous_7)
FNDA:0,(anonymous_8)
FNDA:0,(anonymous_9)
FNDA:0,(anonymous_10)
FNDA:0,(anonymous_11)
DA:1,1
DA:2,1
DA:5,1
DA:6,1
DA:7,0
DA:10,1
DA:13,1
DA:15,8
DA:17,8
DA:18,1
DA:19,7
DA:20,1
DA:21,6
DA:22,1
DA:23,5
DA:24,1
DA:25,4
DA:26,2
DA:27,2
DA:28,0
DA:29,2
DA:30,0
DA:31,2
DA:32,0
DA:35,2
DA:39,2
DA:40,0
DA:43,2
DA:46,0
DA:47,0
DA:50,2
DA:59,2
DA:62,1
DA:64,8
DA:66,8
DA:67,1
DA:68,7
DA:69,1
DA:70,6
DA:71,1
DA:72,5
DA:73,1
DA:74,4
DA:75,1
DA:76,3
DA:77,1
DA:78,2
DA:79,1
DA:80,1
DA:81,0
DA:83,1
DA:84,0
DA:86,1
DA:87,0
DA:90,1
DA:91,0
DA:92,0
DA:94,0
DA:95,0
LF:59
LH:45
BRDA:17,0,0,1
BRDA:17,0,1,7
BRDA:19,1,0,1
BRDA:19,1,1,6
BRDA:21,2,0,1
BRDA:21,2,1,5
BRDA:23,3,0,1
BRDA:23,3,1,4
BRDA:25,4,0,2
BRDA:25,4,1,2
BRDA:27,5,0,0
BRDA:27,5,1,2
BRDA:29,6,0,0
BRDA:29,6,1,2
BRDA:31,7,0,0
BRDA:31,7,1,2
BRDA:66,8,0,1
BRDA:66,8,1,7
BRDA:68,9,0,1
BRDA:68,9,1,6
BRDA:70,10,0,1
BRDA:70,10,1,5
BRDA:72,11,0,1
BRDA:72,11,1,4
BRDA:74,12,0,1
BRDA:74,12,1,3
BRDA:76,13,0,1
BRDA:76,13,1,2
BRDA:78,14,0,1
BRDA:78,14,1,1
BRDA:80,15,0,0
BRDA:80,15,1,1
BRF:32
BRH:28
end_of_record
TN:
SF:Controller\UserController.js
FN:6,(anonymous_0)
FN:8,(anonymous_1)
FN:14,(anonymous_2)
FN:16,(anonymous_3)
FN:20,(anonymous_4)
FN:37,(anonymous_5)
FN:47,(anonymous_6)
FN:75,(anonymous_7)
FN:87,(anonymous_8)
FNF:9
FNH:2
FNDA:0,(anonymous_0)
FNDA:0,(anonymous_1)
FNDA:0,(anonymous_2)
FNDA:0,(anonymous_3)
FNDA:9,(anonymous_4)
FNDA:1,(anonymous_5)
FNDA:0,(anonymous_6)
FNDA:0,(anonymous_7)
FNDA:0,(anonymous_8)
DA:1,2
DA:2,2
DA:3,2
DA:6,2
DA:7,0
DA:8,0
DA:11,0
DA:14,2
DA:15,0
DA:16,0
DA:17,0
DA:20,2
DA:22,9
DA:24,9
DA:25,1
DA:26,8
DA:27,2
DA:28,6
DA:29,1
DA:30,5
DA:31,1
DA:32,4
DA:33,1
DA:35,3
DA:36,3
DA:37,1
DA:40,2
DA:41,0
DA:43,2
DA:47,2
DA:53,0
DA:62,0
DA:69,0
DA:71,0
DA:75,2
DA:76,0
DA:77,0
DA:78,0
DA:79,0
DA:81,0
DA:82,0
DA:87,2
DA:88,0
DA:89,0
DA:90,0
DA:91,0
DA:93,0
DA:94,0
LF:48
LH:25
BRDA:24,0,0,1
BRDA:24,0,1,8
BRDA:26,1,0,2
BRDA:26,1,1,6
BRDA:28,2,0,1
BRDA:28,2,1,5
BRDA:30,3,0,1
BRDA:30,3,1,4
BRDA:32,4,0,1
BRDA:32,4,1,3
BRDA:32,5,0,4
BRDA:32,5,1,3
BRDA:40,6,0,0
BRDA:40,6,1,2
BRF:14
BRH:13
end_of_record
TN:
SF:DAO\UserDAO.js
FN:9,CheckExistingUser
FN:10,(anonymous_1)
FN:13,(anonymous_2)
FN:21,EncryptPassword
FN:22,(anonymous_4)
FN:24,(anonymous_5)
FN:36,(anonymous_6)
FN:37,(anonymous_7)
FN:40,(anonymous_8)
FN:55,(anonymous_9)
FN:56,(anonymous_10)
FN:59,(anonymous_11)
FN:74,(anonymous_12)
FN:75,(anonymous_13)
FN:78,(anonymous_14)
FN:85,(anonymous_15)
FN:86,(anonymous_16)
FN:88,(anonymous_17)
FN:96,(anonymous_18)
FN:108,StoreUser
FN:112,(anonymous_20)
FN:115,(anonymous_21)
FN:143,(anonymous_22)
FN:146,(anonymous_23)
FN:150,(anonymous_24)
FN:151,(anonymous_25)
FN:156,(anonymous_26)
FN:157,(anonymous_27)
FNF:28
FNH:13
FNDA:5,CheckExistingUser
FNDA:5,(anonymous_1)
FNDA:5,(anonymous_2)
FNDA:4,EncryptPassword
FNDA:4,(anonymous_4)
FNDA:4,(anonymous_5)
FNDA:0,(anonymous_6)
FNDA:0,(anonymous_7)
FNDA:0,(anonymous_8)
FNDA:0,(anonymous_9)
FNDA:0,(anonymous_10)
FNDA:0,(anonymous_11)
FNDA:0,(anonymous_12)
FNDA:0,(anonymous_13)
FNDA:0,(anonymous_14)
FNDA:0,(anonymous_15)
FNDA:0,(anonymous_16)
FNDA:0,(anonymous_17)
FNDA:0,(anonymous_18)
FNDA:4,StoreUser
FNDA:4,(anonymous_20)
FNDA:4,(anonymous_21)
FNDA:5,(anonymous_22)
FNDA:1,(anonymous_23)
FNDA:4,(anonymous_24)
FNDA:0,(anonymous_25)
FNDA:4,(anonymous_26)
FNDA:0,(anonymous_27)
DA:1,2
DA:3,2
DA:4,2
DA:6,2
DA:7,2
DA:10,5
DA:11,5
DA:13,5
DA:14,5
DA:15,5
DA:16,1
DA:22,4
DA:23,4
DA:24,4
DA:25,4
DA:27,4
DA:36,2
DA:37,0
DA:39,0
DA:40,0
DA:41,0
DA:42,0
DA:43,0
DA:44,0
DA:45,0
DA:49,0
DA:55,2
DA:56,0
DA:58,0
DA:59,0
DA:60,0
DA:61,0
DA:62,0
DA:63,0
DA:64,0
DA:68,0
DA:74,2
DA:75,0
DA:77,0
DA:78,0
DA:79,0
DA:80,0
DA:85,2
DA:86,0
DA:87,0
DA:88,0
DA:89,0
DA:90,0
DA:91,0
DA:95,0
DA:96,0
DA:97,0
DA:98,0
DA:99,0
DA:100,0
DA:101,0
DA:110,4
DA:112,4
DA:113,4
DA:115,4
DA:116,4
DA:117,0
DA:118,0
DA:121,4
DA:125,4
DA:143,2
DA:145,5
DA:146,1
DA:149,4
DA:150,4
DA:151,0
DA:155,4
DA:156,4
DA:157,0
DA:159,4
LF:75
LH:35
BRDA:14,0,0,0
BRDA:14,0,1,5
BRDA:15,1,0,4
BRDA:15,1,1,1
BRDA:25,2,0,0
BRDA:25,2,1,4
BRDA:41,3,0,0
BRDA:41,3,1,0
BRDA:43,4,0,0
BRDA:43,4,1,0
BRDA:60,5,0,0
BRDA:60,5,1,0
BRDA:62,6,0,0
BRDA:62,6,1,0
BRDA:79,7,0,0
BRDA:79,7,1,0
BRDA:89,8,0,0
BRDA:89,8,1,0
BRDA:90,9,0,0
BRDA:90,9,1,0
BRDA:97,10,0,0
BRDA:97,10,1,0
BRDA:99,11,0,0
BRDA:99,11,1,0
BRDA:108,12,0,0
BRDA:108,13,0,0
BRDA:116,14,0,0
BRDA:116,14,1,4
BRF:28
BRH:5
end_of_record
TN:
SF:DAO\hikeDAO.js
FN:15,(anonymous_0)
FN:16,(anonymous_1)
FN:18,(anonymous_2)
FN:24,(anonymous_3)
FN:51,(anonymous_4)
FN:52,(anonymous_5)
FN:53,(anonymous_6)
FN:69,(anonymous_7)
FN:70,(anonymous_8)
FN:71,(anonymous_9)
FN:88,(anonymous_10)
FN:90,(anonymous_11)
FN:93,(anonymous_12)
FN:96,(anonymous_13)
FN:105,(anonymous_14)
FN:110,(anonymous_15)
FN:117,(anonymous_16)
FN:150,(anonymous_17)
FN:154,(anonymous_18)
FN:158,(anonymous_19)
FN:172,(anonymous_20)
FN:177,(anonymous_21)
FN:184,(anonymous_22)
FN:194,(anonymous_23)
FN:198,(anonymous_24)
FN:199,(anonymous_25)
FN:214,(anonymous_26)
FN:227,(anonymous_27)
FN:228,(anonymous_28)
FN:232,(anonymous_29)
FN:241,(anonymous_30)
FN:242,(anonymous_31)
FN:246,(anonymous_32)
FN:256,newTrack
FN:258,(anonymous_34)
FN:263,deleteTrack
FN:265,(anonymous_36)
FNF:37
FNH:0
FNDA:0,(anonymous_0)
FNDA:0,(anonymous_1)
FNDA:0,(anonymous_2)
FNDA:0,(anonymous_3)
FNDA:0,(anonymous_4)
FNDA:0,(anonymous_5)
FNDA:0,(anonymous_6)
FNDA:0,(anonymous_7)
FNDA:0,(anonymous_8)
FNDA:0,(anonymous_9)
FNDA:0,(anonymous_10)
FNDA:0,(anonymous_11)
FNDA:0,(anonymous_12)
FNDA:0,(anonymous_13)
FNDA:0,(anonymous_14)
FNDA:0,(anonymous_15)
FNDA:0,(anonymous_16)
FNDA:0,(anonymous_17)
FNDA:0,(anonymous_18)
FNDA:0,(anonymous_19)
FNDA:0,(anonymous_20)
FNDA:0,(anonymous_21)
FNDA:0,(anonymous_22)
FNDA:0,(anonymous_23)
FNDA:0,(anonymous_24)
FNDA:0,(anonymous_25)
FNDA:0,(anonymous_26)
FNDA:0,(anonymous_27)
FNDA:0,(anonymous_28)
FNDA:0,(anonymous_29)
FNDA:0,(anonymous_30)
FNDA:0,(anonymous_31)
FNDA:0,(anonymous_32)
FNDA:0,newTrack
FNDA:0,(anonymous_34)
FNDA:0,deleteTrack
FNDA:0,(anonymous_36)
DA:1,1
DA:3,1
DA:4,1
DA:6,1
DA:7,1
DA:9,1
DA:15,1
DA:16,0
DA:17,0
DA:18,0
DA:19,0
DA:20,0
DA:22,0
DA:23,0
DA:25,0
DA:36,0
DA:39,0
DA:40,0
DA:51,1
DA:52,0
DA:53,0
DA:54,0
DA:55,0
DA:56,0
DA:59,0
DA:69,1
DA:70,0
DA:71,0
DA:72,0
DA:73,0
DA:75,0
DA:76,0
DA:78,0
DA:81,0
DA:88,1
DA:89,0
DA:90,0
DA:91,0
DA:94,0
DA:96,0
DA:105,1
DA:108,0
DA:110,0
DA:111,0
DA:118,0
DA:119,0
DA:121,0
DA:122,0
DA:123,0
DA:142,0
DA:150,1
DA:154,0
DA:156,0
DA:159,0
DA:160,0
DA:161,0
DA:163,0
DA:172,1
DA:175,0
DA:177,0
DA:178,0
DA:185,0
DA:186,0
DA:187,0
DA:194,1
DA:195,0
DA:196,0
DA:198,0
DA:199,0
DA:200,0
DA:201,0
DA:202,0
DA:203,0
DA:204,0
DA:207,0
DA:214,1
DA:215,0
DA:216,0
DA:218,0
DA:220,0
DA:221,0
DA:223,0
DA:227,1
DA:228,0
DA:229,0
DA:233,0
DA:234,0
DA:235,0
DA:241,1
DA:242,0
DA:243,0
DA:247,0
DA:248,0
DA:249,0
DA:257,0
DA:258,0
DA:259,0
DA:264,0
DA:265,0
DA:266,0
LF:100
LH:17
BRDA:19,0,0,0
BRDA:19,0,1,0
BRDA:54,1,0,0
BRDA:54,1,1,0
BRDA:72,2,0,0
BRDA:72,2,1,0
BRDA:94,3,0,0
BRDA:94,3,1,0
BRDA:118,4,0,0
BRDA:118,4,1,0
BRDA:159,5,0,0
BRDA:159,5,1,0
BRDA:185,6,0,0
BRDA:185,6,1,0
BRDA:200,7,0,0
BRDA:200,7,1,0
BRDA:218,8,0,0
BRDA:218,8,1,0
BRDA:233,9,0,0
BRDA:233,9,1,0
BRDA:247,10,0,0
BRDA:247,10,1,0
BRDA:259,11,0,0
BRDA:259,11,1,0
BRDA:266,12,0,0
BRDA:266,12,1,0
BRF:26
BRH:0
end_of_record
TN:
SF:DAO\hutDAO.js
FN:7,(anonymous_0)
FN:8,(anonymous_1)
FN:13,(anonymous_2)
FN:15,(anonymous_3)
FN:37,(anonymous_4)
FN:38,(anonymous_5)
FN:40,(anonymous_6)
FN:47,(anonymous_7)
FN:48,(anonymous_8)
FN:53,(anonymous_9)
FN:61,(anonymous_10)
FN:62,(anonymous_11)
FN:64,(anonymous_12)
FNF:13
FNH:10
FNDA:1,(anonymous_0)
FNDA:1,(anonymous_1)
FNDA:1,(anonymous_2)
FNDA:1,(anonymous_3)
FNDA:2,(anonymous_4)
FNDA:2,(anonymous_5)
FNDA:2,(anonymous_6)
FNDA:1,(anonymous_7)
FNDA:1,(anonymous_8)
FNDA:1,(anonymous_9)
FNDA:0,(anonymous_10)
FNDA:0,(anonymous_11)
FNDA:0,(anonymous_12)
DA:1,1
DA:2,1
DA:4,1
DA:5,1
DA:7,1
DA:8,1
DA:10,1
DA:13,1
DA:14,1
DA:15,1
DA:16,1
DA:32,1
DA:37,1
DA:38,2
DA:39,2
DA:40,2
DA:41,2
DA:42,2
DA:47,1
DA:48,1
DA:49,1
DA:50,1
DA:54,1
DA:55,1
DA:61,1
DA:62,0
DA:63,0
DA:64,0
DA:65,0
DA:66,0
LF:30
LH:25
BRDA:14,0,0,0
BRDA:14,0,1,1
BRDA:41,1,0,0
BRDA:41,1,1,2
BRDA:54,2,0,0
BRDA:54,2,1,1
BRDA:65,3,0,0
BRDA:65,3,1,0
BRF:8
BRH:3
end_of_record
TN:
SF:DAO\pointsDAO.js
FN:7,(anonymous_0)
FN:7,(anonymous_1)
FN:10,(anonymous_2)
FN:13,(anonymous_3)
FN:24,(anonymous_4)
FN:25,(anonymous_5)
FN:28,(anonymous_6)
FN:37,(anonymous_7)
FN:38,(anonymous_8)
FN:42,(anonymous_9)
FN:45,(anonymous_10)
FN:58,(anonymous_11)
FN:59,(anonymous_12)
FN:71,(anonymous_13)
FN:79,(anonymous_14)
FN:80,(anonymous_15)
FN:82,(anonymous_16)
FN:90,(anonymous_17)
FN:94,(anonymous_18)
FN:96,(anonymous_19)
FNF:20
FNH:6
FNDA:0,(anonymous_0)
FNDA:0,(anonymous_1)
FNDA:0,(anonymous_2)
FNDA:0,(anonymous_3)
FNDA:0,(anonymous_4)
FNDA:0,(anonymous_5)
FNDA:0,(anonymous_6)
FNDA:0,(anonymous_7)
FNDA:0,(anonymous_8)
FNDA:0,(anonymous_9)
FNDA:0,(anonymous_10)
FNDA:2,(anonymous_11)
FNDA:2,(anonymous_12)
FNDA:2,(anonymous_13)
FNDA:0,(anonymous_14)
FNDA:0,(anonymous_15)
FNDA:0,(anonymous_16)
FNDA:1,(anonymous_17)
FNDA:1,(anonymous_18)
FNDA:1,(anonymous_19)
DA:1,2
DA:2,2
DA:4,2
DA:5,2
DA:7,2
DA:8,0
DA:10,0
DA:11,0
DA:12,0
DA:13,0
DA:14,0
DA:20,0
DA:24,2
DA:25,0
DA:26,0
DA:27,0
DA:28,0
DA:29,0
DA:30,0
DA:32,0
DA:37,2
DA:38,0
DA:39,0
DA:40,0
DA:42,0
DA:43,0
DA:44,0
DA:45,0
DA:46,0
DA:52,0
DA:58,2
DA:59,2
DA:62,2
DA:64,2
DA:68,2
DA:72,2
DA:73,0
DA:74,2
DA:79,2
DA:80,0
DA:81,0
DA:82,0
DA:83,0
DA:84,0
DA:85,0
DA:90,2
DA:92,1
DA:94,1
DA:95,1
DA:96,1
DA:97,1
DA:98,0
DA:99,0
DA:101,1
LF:54
LH:22
BRDA:11,0,0,0
BRDA:11,0,1,0
BRDA:29,1,0,0
BRDA:29,1,1,0
BRDA:43,2,0,0
BRDA:43,2,1,0
BRDA:72,3,0,0
BRDA:72,3,1,2
BRDA:83,4,0,0
BRDA:83,4,1,0
BRDA:97,5,0,0
BRDA:97,5,1,1
BRF:12
BRH:2
end_of_record
TN:
SF:database\DBManager.js
FN:8,(anonymous_0)
FN:10,(anonymous_1)
FN:19,(anonymous_2)
FN:23,(anonymous_3)
FN:26,(anonymous_4)
FN:39,(anonymous_5)
FN:41,(anonymous_6)
FN:47,(anonymous_7)
FN:49,(anonymous_8)
FN:60,(anonymous_9)
FN:62,(anonymous_10)
FN:63,(anonymous_11)
FNF:12
FNH:5
FNDA:3,(anonymous_0)
FNDA:2,(anonymous_1)
FNDA:6,(anonymous_2)
FNDA:46,(anonymous_3)
FNDA:46,(anonymous_4)
FNDA:0,(anonymous_5)
FNDA:0,(anonymous_6)
FNDA:0,(anonymous_7)
FNDA:0,(anonymous_8)
FNDA:0,(anonymous_9)
FNDA:0,(anonymous_10)
FNDA:0,(anonymous_11)
DA:1,3
DA:2,3
DA:3,3
DA:10,3
DA:11,2
DA:12,0
DA:13,0
DA:20,6
DA:25,46
DA:26,46
DA:27,46
DA:28,46
DA:29,46
DA:30,46
DA:31,46
DA:32,46
DA:33,46
DA:34,46
DA:40,0
DA:41,0
DA:42,0
DA:43,0
DA:48,0
DA:49,0
DA:50,0
DA:55,0
DA:56,0
DA:61,0
DA:62,0
DA:63,0
DA:64,0
DA:65,0
DA:73,3
LF:33
LH:17
BRDA:11,0,0,0
BRDA:11,0,1,2
BRDA:64,1,0,0
BRDA:64,1,1,0
BRF:4
BRH:1
end_of_record
TN:
SF:database\DBManagerSingleton.js
FN:8,(anonymous_0)
FNF:1
FNH:1
FNDA:8,(anonymous_0)
DA:1,3
DA:4,3
DA:6,3
DA:9,8
DA:10,3
DA:11,0
DA:12,3
DA:14,8
DA:19,3
LF:9
LH:8
BRDA:9,0,0,3
BRDA:9,0,1,5
BRDA:10,1,0,0
BRDA:10,1,1,3
BRF:4
BRH:3
end_of_record
